[0m[[0m[0mdebug[0m] [0m[0m> Exec(;Test/compile; collectAnalyses, None, Some(CommandSource(network-1)))[0m
[0m[[0m[0mdebug[0m] [0m[0munmatched Processing event for requestId None: None[0m
[0m[[0m[0mdebug[0m] [0m[0munmatched Done event for requestId None: None[0m
[0m[[0m[0mdebug[0m] [0m[0m> Exec(Test/compile, None, Some(CommandSource(network-1)))[0m
[0m[[0m[0mdebug[0m] [0m[0munmatched Processing event for requestId None: None[0m
[0m[[0m[0mdebug[0m] [0m[0mEvaluating tasks: Test / compile[0m
[0m[[0m[0mdebug[0m] [0m[0mRunning task... Cancel: Signal, check cycles: false, forcegc: true[0m
[0m[[0m[0mdebug[0m] [0m[0mjsonRpcNotify: JsonRpcNotificationMessage(2.0, build/taskStart, {"taskId":{"id":"179","parents":[]},"eventTime":1679712924569,"message":"Compiling oosets","dataKind":"compile-task","data":{"target":{"uri":"file:/C:/DeV/oosets/#oosets/Compile"}}})[0m
[0m[[0m[0minfo[0m] [0m[0mcompiling 2 Scala sources to C:\DeV\oosets\target\scala-2.13\classes ...[0m
[0m[[0m[0mdebug[0m] [0m[0mjsonRpcNotify: JsonRpcNotificationMessage(2.0, build/logMessage, {"type":3,"message":"compiling 2 Scala sources to C:\\DeV\\oosets\\target\\scala-2.13\\classes ..."})[0m
[0m[[0m[0mdebug[0m] [0m[0mjsonRpcNotify: JsonRpcNotificationMessage(2.0, build/taskProgress, {"taskId":{"id":"179","parents":[]},"eventTime":1679712924829,"message":"Compiling oosets (5%)","total":52,"progress":5,"dataKind":"compile-progress","data":{"target":{"uri":"file:/C:/DeV/oosets/#oosets/Compile"}}})[0m
[0m[[0m[0mdebug[0m] [0m[0mjsonRpcNotify: JsonRpcNotificationMessage(2.0, build/publishDiagnostics, {"textDocument":{"uri":"file:///C:/DeV/oosets/src/main/scala/oosets/TweetScala1.scala"},"buildTarget":{"uri":"file:/C:/DeV/oosets/#oosets/Compile"},"diagnostics":[{"range":{"start":{"line":6,"character":7},"end":{"line":6,"character":18}},"severity":1,"source":"sbt","message":"not found: object TweetReader"}],"reset":false})[0m
[0m[[0m[31merror[0m] [0m[0mC:\DeV\oosets\src\main\scala\oosets\TweetScala1.scala:7:8: not found: object TweetReader[0m
[0m[[0m[31merror[0m] [0m[0mimport TweetReader._[0m
[0m[[0m[31merror[0m] [0m[0m       ^[0m
[0m[[0m[0mdebug[0m] [0m[0mjsonRpcNotify: JsonRpcNotificationMessage(2.0, build/logMessage, {"type":1,"message":"C:\\DeV\\oosets\\src\\main\\scala\\oosets\\TweetScala1.scala:7:8: not found: object TweetReader"})[0m
[0m[[0m[0mdebug[0m] [0m[0mjsonRpcNotify: JsonRpcNotificationMessage(2.0, build/logMessage, {"type":1,"message":"import TweetReader._"})[0m
[0m[[0m[0mdebug[0m] [0m[0mjsonRpcNotify: JsonRpcNotificationMessage(2.0, build/logMessage, {"type":1,"message":"       ^"})[0m
[0m[[0m[0mdebug[0m] [0m[0mjsonRpcNotify: JsonRpcNotificationMessage(2.0, build/publishDiagnostics, {"textDocument":{"uri":"file:///C:/DeV/oosets/src/main/scala/oosets/TweetScala1.scala"},"buildTarget":{"uri":"file:/C:/DeV/oosets/#oosets/Compile"},"diagnostics":[{"range":{"start":{"line":232,"character":18},"end":{"line":232,"character":29}},"severity":1,"source":"sbt","message":"not found: value TweetReader"}],"reset":false})[0m
[0m[[0m[31merror[0m] [0m[0mC:\DeV\oosets\src\main\scala\oosets\TweetScala1.scala:233:19: not found: value TweetReader[0m
[0m[[0m[31merror[0m] [0m[0m  val allTweets = TweetReader.allTweets[0m
[0m[[0m[31merror[0m] [0m[0m                  ^[0m
[0m[[0m[0mdebug[0m] [0m[0mjsonRpcNotify: JsonRpcNotificationMessage(2.0, build/logMessage, {"type":1,"message":"C:\\DeV\\oosets\\src\\main\\scala\\oosets\\TweetScala1.scala:233:19: not found: value TweetReader"})[0m
[0m[[0m[0mdebug[0m] [0m[0mjsonRpcNotify: JsonRpcNotificationMessage(2.0, build/logMessage, {"type":1,"message":"  val allTweets = TweetReader.allTweets"})[0m
[0m[[0m[0mdebug[0m] [0m[0mjsonRpcNotify: JsonRpcNotificationMessage(2.0, build/logMessage, {"type":1,"message":"                  ^"})[0m
[0m[[0m[0mdebug[0m] [0m[0mjsonRpcNotify: JsonRpcNotificationMessage(2.0, build/taskProgress, {"taskId":{"id":"179","parents":[]},"eventTime":1679712924977,"message":"Compiling oosets (15%)","total":52,"progress":15,"dataKind":"compile-progress","data":{"target":{"uri":"file:/C:/DeV/oosets/#oosets/Compile"}}})[0m
[0m[[0m[0mdebug[0m] [0m[0mjsonRpcNotify: JsonRpcNotificationMessage(2.0, build/taskProgress, {"taskId":{"id":"179","parents":[]},"eventTime":1679712924977,"message":"Compiling oosets (15%)","total":52,"progress":15,"dataKind":"compile-progress","data":{"target":{"uri":"file:/C:/DeV/oosets/#oosets/Compile"}}})[0m
[0m[[0m[31merror[0m] [0m[0mtwo errors found[0m
[0m[[0m[0mdebug[0m] [0m[0mjsonRpcNotify: JsonRpcNotificationMessage(2.0, build/logMessage, {"type":1,"message":"two errors found"})[0m
[0m[[0m[0mdebug[0m] [0m[0mjsonRpcNotify: JsonRpcNotificationMessage(2.0, build/publishDiagnostics, {"textDocument":{"uri":"file:///C:/DeV/oosets/src/main/scala/oosets/TweetScala1.scala"},"buildTarget":{"uri":"file:/C:/DeV/oosets/#oosets/Compile"},"diagnostics":[{"range":{"start":{"line":6,"character":7},"end":{"line":6,"character":18}},"severity":1,"source":"sbt","message":"not found: object TweetReader"},{"range":{"start":{"line":232,"character":18},"end":{"line":232,"character":29}},"severity":1,"source":"sbt","message":"not found: value TweetReader"}],"reset":true})[0m
[0m[[0m[0mdebug[0m] [0m[0mjsonRpcNotify: JsonRpcNotificationMessage(2.0, build/taskFinish, {"taskId":{"id":"179","parents":[]},"eventTime":1679712925001,"message":"Compiled oosets","status":2,"dataKind":"compile-report","data":{"target":{"uri":"file:/C:/DeV/oosets/#oosets/Compile"},"errors":2,"warnings":0,"time":432}})[0m
[0m[[0m[0mdebug[0m] [0m[0munmatched json error for requestId None: {"code":-32603,"message":"(Compile / \u001b[31mcompileIncremental\u001b[0m) Compilation failed"}[0m
[0m[[0m[31merror[0m] [0m[0m(Compile / [31mcompileIncremental[0m) Compilation failed[0m
[0m[[0m[0mdebug[0m] [0m[0mjsonRpcNotify: JsonRpcNotificationMessage(2.0, build/logMessage, {"type":1,"message":"(Compile / \u001b[31mcompileIncremental\u001b[0m) Compilation failed"})[0m
[0m[[0m[31merror[0m] [0m[0mTotal time: 1 s, completed 24-Mar-2023, 10:55:25 PM[0m
[0m[[0m[0mdebug[0m] [0m[0munmatched Done event for requestId None: None[0m
[0m[[0m[0mdebug[0m] [0m[0m> Exec(shell, None, None)[0m
[0m[[0m[0mdebug[0m] [0m[0mUnhandled notification received: textDocument/didClose: JsonRpcNotificationMessage(2.0, textDocument/didClose, {"textDocument":{"uri":"file:///c%3A/DeV/oosets/src/main/scala/oosets/TweetScala1.scala"}})[0m
[0m[[0m[0mdebug[0m] [0m[0mUnhandled request received: shutdown: JsonRpcRequestMessage(2.0, ♨144, shutdown, null})[0m
