2023.03.20 18:20:52 INFO  Started: Metals version 0.11.11 in workspace 'C:\DeV\oosets' for client Visual Studio Code 1.76.1.
SLF4J: No SLF4J providers were found.
SLF4J: Defaulting to no-operation (NOP) logger implementation
SLF4J: See https://www.slf4j.org/codes.html#noProviders for further details.
SLF4J: Class path contains SLF4J bindings targeting slf4j-api versions 1.7.x or earlier.
SLF4J: Ignoring binding found at [jar:file:/C:/Users/crdne/AppData/Local/Coursier/cache/v1/https/repo1.maven.org/maven2/com/outr/scribe-slf4j_2.13/3.11.0/scribe-slf4j_2.13-3.11.0.jar!/org/slf4j/impl/StaticLoggerBinder.class]
SLF4J: See https://www.slf4j.org/codes.html#ignoredBindings for an explanation.
2023.03.20 18:20:53 INFO  time: initialize in 1.68s
2023.03.20 18:20:57 WARN  Build server is not auto-connectable.
2023.03.20 18:21:02 INFO  running 'C:\Java\jdk-11.0.18\bin\java -Djline.terminal=jline.UnsupportedTerminal -Dsbt.log.noformat=true -Dfile.encoding=UTF-8 -jar C:\Users\crdne\AppData\Local\Temp\metals10774033665929300509\sbt-launch.jar -Dbloop.export-jar-classifiers=sources bloopInstall'
2023.03.20 18:21:19 INFO  [info] welcome to sbt 1.8.2 (Oracle Corporation Java 11.0.18)
2023.03.20 18:21:26 INFO  [info] loading settings for project oosets-build-build from metals.sbt ...
2023.03.20 18:21:28 INFO  [info] loading project definition from C:\DeV\oosets\project\project
2023.03.20 18:21:35 INFO  [info] loading settings for project oosets-build from metals.sbt ...
2023.03.20 18:21:35 INFO  [info] loading project definition from C:\DeV\oosets\project
2023.03.20 18:21:41 INFO  [success] Generated .bloop\oosets-build.json
2023.03.20 18:21:41 INFO  [success] Total time: 6 s, completed 20-Mar-2023, 6:21:42 PM
2023.03.20 18:21:47 INFO  [info] loading settings for project oosets from build.sbt ...
2023.03.20 18:21:47 INFO  [info] set current project to oosets (in build file:/C:/DeV/oosets/)
2023.03.20 18:21:52 INFO  [success] Generated .bloop\oosets.json
2023.03.20 18:21:52 INFO  [success] Generated .bloop\oosets-test.json
2023.03.20 18:21:52 INFO  [success] Total time: 4 s, completed 20-Mar-2023, 6:21:52 PM
2023.03.20 18:21:52 INFO  time: ran 'sbt bloopInstall' in 49s
2023.03.20 18:21:52 INFO  Attempting to connect to the build server...
2023.03.20 18:21:52 INFO  Bloop uses C:\Java\jdk-11.0.18 defined at C:\Users\crdne\.bloop\bloop.json
2023.03.20 18:21:52 INFO  tracing is disabled for protocol BSP, to enable tracing of incoming and outgoing JSON messages create an empty file at C:\DeV\oosets\.metals\bsp.trace.json or C:\Users\crdne\AppData\Local\scalameta\metals\cache\bsp.trace.json
2023.03.20 18:21:53 INFO  Attempting to connect to the build server...
2023.03.20 18:21:53 INFO  Bloop uses C:\Java\jdk-11.0.18 defined at C:\Users\crdne\.bloop\bloop.json
2023.03.20 18:21:53 INFO  tracing is disabled for protocol BSP, to enable tracing of incoming and outgoing JSON messages create an empty file at C:\DeV\oosets\project\.metals\bsp.trace.json or C:\Users\crdne\AppData\Local\scalameta\metals\cache\bsp.trace.json
2023.03.20 18:21:53 INFO  time: Connected to build server in 1.45s
2023.03.20 18:21:53 INFO  Connected to Build server: Bloop v1.5.6
2023.03.20 18:21:54 INFO  time: Imported build in 0.32s
2023.03.20 18:22:16 INFO  compiling oosets (4 scala sources)
2023.03.20 18:22:35 INFO  time: compiled oosets in 19s
2023.03.20 18:23:17 INFO  time: indexed workspace in 1m23s
2023.03.20 18:23:19 INFO  compiling oosets-test (1 scala source)
2023.03.20 18:23:19 INFO  time: compiled oosets-test in 0.48s
2023.03.21 02:15:33 INFO  Shutting down server
2023.03.21 02:15:33 INFO  shutting down Metals
2023.03.21 02:15:33 INFO  Shut down connection with build server.
2023.03.21 02:15:33 INFO  Shut down connection with build server.
2023.03.21 02:15:33 INFO  Exiting server
2023.03.23 17:01:27 INFO  Started: Metals version 0.11.11 in workspace 'C:\DeV\oosets' for client Visual Studio Code 1.76.2.
SLF4J: No SLF4J providers were found.
SLF4J: Defaulting to no-operation (NOP) logger implementation
SLF4J: See https://www.slf4j.org/codes.html#noProviders for further details.
SLF4J: Class path contains SLF4J bindings targeting slf4j-api versions 1.7.x or earlier.
SLF4J: Ignoring binding found at [jar:file:/C:/Users/crdne/AppData/Local/Coursier/cache/v1/https/repo1.maven.org/maven2/com/outr/scribe-slf4j_2.13/3.11.0/scribe-slf4j_2.13-3.11.0.jar!/org/slf4j/impl/StaticLoggerBinder.class]
SLF4J: See https://www.slf4j.org/codes.html#ignoredBindings for an explanation.
2023.03.23 17:01:28 INFO  time: initialize in 0.7s
2023.03.23 17:01:30 INFO  Attempting to connect to the build server...
2023.03.23 17:01:30 INFO  Bloop uses C:\Java\jdk-11.0.18 defined at C:\Users\crdne\.bloop\bloop.json
2023.03.23 17:01:30 INFO  skipping build import with status 'Installed'
Mar 23, 2023 5:01:35 PM org.eclipse.lsp4j.jsonrpc.services.GenericEndpoint notify
INFO: Unsupported notification method: $/setTrace
Mar 23, 2023 5:01:37 PM org.eclipse.lsp4j.jsonrpc.services.GenericEndpoint notify
INFO: Unsupported notification method: $/setTrace
2023.03.23 17:02:03 ERROR Starting the bsp launcher for bloop...
2023.03.23 17:02:03 ERROR Opening a bsp server connection with 'bsp --protocol tcp --port 42008'...
2023.03.23 17:02:03 ERROR Waiting for the bsp connection to come up...
2023.03.23 17:02:03 ERROR Waiting for the bsp connection to come up...
2023.03.23 17:02:03 ERROR Waiting for the bsp connection to come up...
2023.03.23 17:02:03 ERROR Waiting for the bsp connection to come up...
2023.03.23 17:02:03 ERROR Waiting for the bsp connection to come up...
2023.03.23 17:02:03 ERROR Waiting for the bsp connection to come up...
2023.03.23 17:02:03 ERROR Waiting for the bsp connection to come up...
2023.03.23 17:02:03 ERROR Waiting for the bsp connection to come up...
2023.03.23 17:02:03 ERROR Waiting for the bsp connection to come up...
2023.03.23 17:02:03 ERROR Waiting for the bsp connection to come up...
2023.03.23 17:02:03 ERROR Waiting for the bsp connection to come up...
2023.03.23 17:02:03 ERROR Waiting for the bsp connection to come up...
2023.03.23 17:02:03 ERROR Waiting for the bsp connection to come up...
2023.03.23 17:02:03 ERROR Waiting for the bsp connection to come up...
2023.03.23 17:02:03 ERROR Waiting for the bsp connection to come up...
2023.03.23 17:02:03 ERROR Waiting for the bsp connection to come up...
2023.03.23 17:02:03 ERROR Waiting for the bsp connection to come up...
2023.03.23 17:02:03 ERROR Waiting for the bsp connection to come up...
2023.03.23 17:02:03 ERROR Waiting for the bsp connection to come up...
2023.03.23 17:02:03 ERROR Waiting for the bsp connection to come up...
2023.03.23 17:02:03 ERROR Waiting for the bsp connection to come up...
2023.03.23 17:02:03 ERROR Waiting for the bsp connection to come up...
2023.03.23 17:02:03 ERROR Waiting for the bsp connection to come up...
2023.03.23 17:02:03 ERROR Waiting for the bsp connection to come up...
2023.03.23 17:02:03 ERROR Waiting for the bsp connection to come up...
2023.03.23 17:02:03 ERROR Waiting for the bsp connection to come up...
2023.03.23 17:02:03 ERROR Waiting for the bsp connection to come up...
2023.03.23 17:02:03 ERROR Waiting for the bsp connection to come up...
2023.03.23 17:02:03 ERROR Waiting for the bsp connection to come up...
2023.03.23 17:02:03 ERROR Waiting for the bsp connection to come up...
2023.03.23 17:02:03 ERROR Waiting for the bsp connection to come up...
2023.03.23 17:02:03 ERROR error: Giving up on waiting for a connection, printing embedded bloop logs:
2023.03.23 17:02:03 ERROR > Attempting a connection to the server...
2023.03.23 17:02:03 ERROR > Attempting a connection to the server...
2023.03.23 17:02:03 ERROR > Attempting a connection to the server...
2023.03.23 17:02:03 ERROR > Attempting a connection to the server...
2023.03.23 17:02:03 ERROR > Attempting a connection to the server...
2023.03.23 17:02:03 ERROR > Attempting a connection to the server...
2023.03.23 17:02:03 ERROR > Attempting a connection to the server...
2023.03.23 17:02:03 ERROR > Attempting a connection to the server...
2023.03.23 17:02:03 ERROR > Attempting a connection to the server...
2023.03.23 17:02:03 ERROR > Attempting a connection to the server...
2023.03.23 17:02:03 ERROR > Attempting a connection to the server...
2023.03.23 17:02:03 ERROR > Attempting a connection to the server...
2023.03.23 17:02:03 ERROR > Attempting a connection to the server...
2023.03.23 17:02:03 ERROR > Attempting a connection to the server...
2023.03.23 17:02:03 ERROR > Attempting a connection to the server...
2023.03.23 17:02:03 ERROR > Attempting a connection to the server...
2023.03.23 17:02:03 ERROR > Attempting a connection to the server...
2023.03.23 17:02:03 ERROR > Attempting a connection to the server...
2023.03.23 17:02:03 ERROR > Attempting a connection to the server...
2023.03.23 17:02:03 ERROR > Attempting a connection to the server...
2023.03.23 17:02:03 ERROR > Attempting a connection to the server...
2023.03.23 17:02:03 ERROR > Attempting a connection to the server...
2023.03.23 17:02:03 ERROR > Attempting a connection to the server...
2023.03.23 17:02:03 ERROR > Attempting a connection to the server...
2023.03.23 17:02:03 ERROR > Attempting a connection to the server...
2023.03.23 17:02:03 ERROR > Attempting a connection to the server...
2023.03.23 17:02:03 ERROR > Attempting a connection to the server...
2023.03.23 17:02:03 ERROR > Attempting a connection to the server...
2023.03.23 17:02:03 ERROR > Attempting a connection to the server...
2023.03.23 17:02:03 ERROR > Attempting a connection to the server...
2023.03.23 17:02:03 ERROR > Attempting a connection to the server...
2023.03.23 17:02:03 ERROR > Attempting a connection to the server...
2023.03.23 17:02:03 ERROR > Attempting a connection to the server...
2023.03.23 17:02:03 ERROR > Attempting a connection to the server...
2023.03.23 17:02:03 ERROR > Attempting a connection to the server...
2023.03.23 17:02:03 ERROR > Attempting a connection to the server...
2023.03.23 17:02:03 ERROR > Attempting a connection to the server...
2023.03.23 17:02:03 ERROR > Attempting a connection to the server...
2023.03.23 17:02:03 ERROR > Attempting a connection to the server...
2023.03.23 17:02:03 ERROR > Attempting a connection to the server...
2023.03.23 17:02:03 ERROR > Attempting a connection to the server...
2023.03.23 17:02:03 ERROR > Attempting a connection to the server...
2023.03.23 17:02:03 ERROR > Attempting a connection to the server...
2023.03.23 17:02:03 ERROR > Attempting a connection to the server...
2023.03.23 17:02:03 ERROR > Attempting a connection to the server...
2023.03.23 17:02:03 ERROR > Attempting a connection to the server...
2023.03.23 17:02:03 ERROR > Attempting a connection to the server...
2023.03.23 17:02:03 ERROR > Attempting a connection to the server...
2023.03.23 17:02:03 ERROR > Attempting a connection to the server...
2023.03.23 17:02:03 ERROR > Attempting a connection to the server...
2023.03.23 17:02:03 ERROR > Attempting a connection to the server...
2023.03.23 17:02:03 ERROR > Attempting a connection to the server...
2023.03.23 17:02:03 ERROR > Attempting a connection to the server...
2023.03.23 17:02:03 ERROR > Attempting a connection to the server...
2023.03.23 17:02:03 ERROR > Attempting a connection to the server...
2023.03.23 17:02:03 ERROR > Attempting a connection to the server...
2023.03.23 17:02:03 ERROR > Attempting a connection to the server...
2023.03.23 17:02:03 ERROR > Attempting a connection to the server...
2023.03.23 17:02:03 ERROR > Attempting a connection to the server...
2023.03.23 17:02:03 ERROR > Attempting a connection to the server...
2023.03.23 17:02:03 ERROR > Attempting a connection to the server...
2023.03.23 17:02:03 ERROR > Attempting a connection to the server...
2023.03.23 17:02:03 ERROR > Attempting a connection to the server...
2023.03.23 17:02:03 ERROR > Attempting a connection to the server...
2023.03.23 17:02:03 ERROR > Attempting a connection to the server...
2023.03.23 17:02:03 ERROR > Attempting a connection to the server...
2023.03.23 17:02:03 ERROR > Attempting a connection to the server...
2023.03.23 17:02:03 ERROR > Attempting a connection to the server...
2023.03.23 17:02:03 ERROR > Attempting a connection to the server...
2023.03.23 17:02:03 ERROR > Attempting a connection to the server...
2023.03.23 17:02:03 ERROR > Attempting a connection to the server...
2023.03.23 17:02:03 ERROR > Attempting a connection to the server...
2023.03.23 17:02:03 ERROR > Attempting a connection to the server...
2023.03.23 17:02:03 ERROR > Attempting a connection to the server...
2023.03.23 17:02:03 ERROR > Attempting a connection to the server...
2023.03.23 17:02:03 ERROR > Attempting a connection to the server...
2023.03.23 17:02:03 ERROR > Attempting a connection to the server...
2023.03.23 17:02:03 ERROR > Attempting a connection to the server...
2023.03.23 17:02:03 ERROR > Attempting a connection to the server...
2023.03.23 17:02:03 ERROR > Attempting a connection to the server...
2023.03.23 17:02:03 ERROR > Attempting a connection to the server...
2023.03.23 17:02:03 ERROR > Attempting a connection to the server...
2023.03.23 17:02:03 ERROR > Attempting a connection to the server...
2023.03.23 17:02:03 ERROR > Attempting a connection to the server...
2023.03.23 17:02:03 ERROR > Attempting a connection to the server...
2023.03.23 17:02:03 ERROR > Attempting a connection to the server...
2023.03.23 17:02:03 ERROR > Attempting a connection to the server...
2023.03.23 17:02:03 ERROR > Attempting a connection to the server...
2023.03.23 17:02:03 ERROR > Attempting a connection to the server...
2023.03.23 17:02:03 ERROR > Attempting a connection to the server...
2023.03.23 17:02:03 ERROR > Attempting a connection to the server...
2023.03.23 17:02:03 ERROR > Attempting a connection to the server...
2023.03.23 17:02:03 ERROR > Attempting a connection to the server...
2023.03.23 17:02:03 ERROR > Attempting a connection to the server...
2023.03.23 17:02:03 ERROR > Attempting a connection to the server...
2023.03.23 17:02:03 ERROR > Attempting a connection to the server...
2023.03.23 17:02:03 ERROR > Attempting a connection to the server...
2023.03.23 17:02:03 ERROR > Attempting a connection to the server...
2023.03.23 17:02:03 ERROR > Attempting a connection to the server...
2023.03.23 17:02:03 ERROR > Attempting a connection to the server...
2023.03.23 17:02:03 ERROR > Attempting a connection to the server...
2023.03.23 17:02:03 ERROR > Attempting a connection to the server...
2023.03.23 17:02:03 ERROR > Attempting a connection to the server...
2023.03.23 17:02:03 ERROR > Attempting a connection to the server...
2023.03.23 17:02:03 ERROR > Attempting a connection to the server...
2023.03.23 17:02:03 ERROR > Attempting a connection to the server...
2023.03.23 17:02:03 ERROR > Attempting a connection to the server...
2023.03.23 17:02:03 ERROR > Attempting a connection to the server...
2023.03.23 17:02:03 ERROR > Attempting a connection to the server...
2023.03.23 17:02:03 ERROR > Attempting a connection to the server...
2023.03.23 17:02:03 ERROR > Attempting a connection to the server...
2023.03.23 17:02:03 ERROR > Attempting a connection to the server...
2023.03.23 17:02:03 ERROR > Attempting a connection to the server...
2023.03.23 17:02:03 ERROR > Attempting a connection to the server...
2023.03.23 17:02:03 ERROR > Attempting a connection to the server...
2023.03.23 17:02:03 ERROR > Attempting a connection to the server...
2023.03.23 17:02:03 ERROR > Attempting a connection to the server...
2023.03.23 17:02:03 ERROR > Attempting a connection to the server...
2023.03.23 17:02:03 ERROR > Attempting a connection to the server...
2023.03.23 17:02:03 ERROR > Attempting a connection to the server...
2023.03.23 17:02:03 ERROR > Attempting a connection to the server...
2023.03.23 17:02:03 ERROR > Attempting a connection to the server...
2023.03.23 17:02:03 ERROR > Attempting a connection to the server...
2023.03.23 17:02:03 ERROR > Attempting a connection to the server...
2023.03.23 17:02:03 ERROR > Attempting a connection to the server...
2023.03.23 17:02:03 ERROR > Attempting a connection to the server...
2023.03.23 17:02:03 ERROR > Attempting a connection to the server...
2023.03.23 17:02:03 ERROR > Attempting a connection to the server...
2023.03.23 17:02:03 ERROR > Attempting a connection to the server...
2023.03.23 17:02:03 ERROR > Attempting a connection to the server...
2023.03.23 17:02:03 ERROR > Attempting a connection to the server...
2023.03.23 17:02:03 ERROR > Attempting a connection to the server...
2023.03.23 17:02:03 ERROR > Attempting a connection to the server...
2023.03.23 17:02:03 ERROR > Attempting a connection to the server...
2023.03.23 17:02:03 ERROR > Attempting a connection to the server...
2023.03.23 17:02:03 ERROR > Attempting a connection to the server...
2023.03.23 17:02:03 ERROR > Attempting a connection to the server...
2023.03.23 17:02:03 ERROR > Attempting a connection to the server...
2023.03.23 17:02:03 ERROR > Attempting a connection to the server...
2023.03.23 17:02:03 ERROR > Attempting a connection to the server...
2023.03.23 17:02:03 ERROR > Attempting a connection to the server...
2023.03.23 17:02:03 ERROR > Attempting a connection to the server...
2023.03.23 17:02:03 ERROR > Attempting a connection to the server...
2023.03.23 17:02:03 ERROR > Attempting a connection to the server...
2023.03.23 17:02:03 ERROR > Attempting a connection to the server...
2023.03.23 17:02:03 ERROR > Attempting a connection to the server...
2023.03.23 17:02:03 ERROR > Attempting a connection to the server...
2023.03.23 17:02:03 ERROR > Attempting a connection to the server...
2023.03.23 17:02:03 ERROR > Attempting a connection to the server...
2023.03.23 17:02:03 ERROR > Attempting a connection to the server...
2023.03.23 17:02:03 ERROR > Attempting a connection to the server...
2023.03.23 17:02:03 ERROR > Attempting a connection to the server...
2023.03.23 17:02:03 ERROR > Attempting a connection to the server...
2023.03.23 17:02:03 ERROR > Attempting a connection to the server...
2023.03.23 17:02:03 ERROR > Attempting a connection to the server...
2023.03.23 17:02:03 ERROR > Attempting a connection to the server...
2023.03.23 17:02:03 ERROR > Attempting a connection to the server...
2023.03.23 17:02:03 ERROR > Attempting a connection to the server...
2023.03.23 17:02:03 ERROR > Attempting a connection to the server...
2023.03.23 17:02:03 ERROR > Attempting a connection to the server...
2023.03.23 17:02:03 ERROR > Attempting a connection to the server...
2023.03.23 17:02:03 ERROR > Attempting a connection to the server...
2023.03.23 17:02:03 ERROR > Attempting a connection to the server...
2023.03.23 17:02:03 ERROR > Attempting a connection to the server...
2023.03.23 17:02:03 ERROR > Attempting a connection to the server...
2023.03.23 17:02:03 ERROR > Attempting a connection to the server...
2023.03.23 17:02:03 ERROR > Attempting a connection to the server...
2023.03.23 17:02:03 ERROR > Attempting a connection to the server...
2023.03.23 17:02:03 ERROR > Attempting a connection to the server...
2023.03.23 17:02:03 ERROR > Attempting a connection to the server...
2023.03.23 17:02:03 ERROR > Attempting a connection to the server...
2023.03.23 17:02:03 ERROR > Attempting a connection to the server...
2023.03.23 17:02:03 ERROR > Attempting a connection to the server...
2023.03.23 17:02:03 ERROR > Attempting a connection to the server...
2023.03.23 17:02:03 ERROR > Attempting a connection to the server...
2023.03.23 17:02:03 ERROR > Attempting a connection to the server...
2023.03.23 17:02:03 ERROR > Attempting a connection to the server...
2023.03.23 17:02:03 ERROR > Attempting a connection to the server...
2023.03.23 17:02:03 ERROR > Attempting a connection to the server...
2023.03.23 17:02:03 ERROR > Attempting a connection to the server...
2023.03.23 17:02:03 ERROR > Attempting a connection to the server...
2023.03.23 17:02:03 ERROR > Attempting a connection to the server...
2023.03.23 17:02:03 ERROR > Attempting a connection to the server...
2023.03.23 17:02:03 ERROR > Attempting a connection to the server...
2023.03.23 17:02:03 ERROR > Attempting a connection to the server...
2023.03.23 17:02:03 ERROR > Attempting a connection to the server...
2023.03.23 17:02:03 ERROR > Attempting a connection to the server...
2023.03.23 17:02:03 ERROR > Attempting a connection to the server...
2023.03.23 17:02:03 ERROR > Attempting a connection to the server...
2023.03.23 17:02:03 ERROR > Attempting a connection to the server...
2023.03.23 17:02:03 ERROR > Attempting a connection to the server...
2023.03.23 17:02:03 ERROR > Attempting a connection to the server...
2023.03.23 17:02:03 ERROR > Attempting a connection to the server...
2023.03.23 17:02:03 ERROR > Attempting a connection to the server...
2023.03.23 17:02:03 ERROR > Attempting a connection to the server...
2023.03.23 17:02:03 ERROR > Attempting a connection to the server...
2023.03.23 17:02:03 ERROR > Attempting a connection to the server...
2023.03.23 17:02:03 ERROR > Attempting a connection to the server...
2023.03.23 17:02:03 ERROR > Attempting a connection to the server...
2023.03.23 17:02:03 ERROR > Attempting a connection to the server...
2023.03.23 17:02:03 ERROR error: The launcher failed to establish a bsp connection, aborting...
2023.03.23 17:02:03 ERROR Failed to connect with build server, no functionality will work.
java.lang.RuntimeException: The server did not start, got FailedToOpenBspConnection
	at bloop.launcher.LauncherMain.failPromise$1(Launcher.scala:92)
	at bloop.launcher.LauncherMain.runLauncher(Launcher.scala:119)
	at scala.meta.internal.metals.BloopServers$$anon$2.run(BloopServers.scala:496)
	at java.util.concurrent.Executors$RunnableAdapter.call(Executors.java:515)
	at java.util.concurrent.FutureTask.run(FutureTask.java:264)
	at java.util.concurrent.ThreadPoolExecutor.runWorker(ThreadPoolExecutor.java:1128)
	at java.util.concurrent.ThreadPoolExecutor$Worker.run(ThreadPoolExecutor.java:628)
	at java.lang.Thread.run(Thread.java:834)

2023.03.23 17:02:03 WARN  no build target for: C:\DeV\oosets\src\main\scala\oosets\TweetSet.scala
2023.03.23 17:02:08 INFO  no build target found for C:\DeV\oosets\src\main\scala\oosets\TweetSet.scala. Using presentation compiler with project's scala-library version: 3.2.2
2023.03.23 17:09:38 INFO  Shutting down server
2023.03.23 17:09:38 INFO  shutting down Metals
2023.03.23 17:09:38 INFO  Exiting server
2023.03.23 17:10:01 INFO  Started: Metals version 0.11.11 in workspace 'C:\DeV\oosets' for client Visual Studio Code 1.76.2.
SLF4J: No SLF4J providers were found.
SLF4J: Defaulting to no-operation (NOP) logger implementation
SLF4J: See https://www.slf4j.org/codes.html#noProviders for further details.
SLF4J: Class path contains SLF4J bindings targeting slf4j-api versions 1.7.x or earlier.
SLF4J: Ignoring binding found at [jar:file:/C:/Users/crdne/AppData/Local/Coursier/cache/v1/https/repo1.maven.org/maven2/com/outr/scribe-slf4j_2.13/3.11.0/scribe-slf4j_2.13-3.11.0.jar!/org/slf4j/impl/StaticLoggerBinder.class]
SLF4J: See https://www.slf4j.org/codes.html#ignoredBindings for an explanation.
2023.03.23 17:10:01 INFO  time: initialize in 0.6s
2023.03.23 17:10:03 INFO  Attempting to connect to the build server...
2023.03.23 17:10:03 INFO  Bloop uses C:\Java\jdk-11.0.18 defined at C:\Users\crdne\.bloop\bloop.json
2023.03.23 17:10:03 INFO  skipping build import with status 'Installed'
2023.03.23 17:10:03 INFO  tracing is disabled for protocol BSP, to enable tracing of incoming and outgoing JSON messages create an empty file at C:\DeV\oosets\.metals\bsp.trace.json or C:\Users\crdne\AppData\Local\scalameta\metals\cache\bsp.trace.json
2023.03.23 17:10:03 INFO  Attempting to connect to the build server...
2023.03.23 17:10:03 INFO  Bloop uses C:\Java\jdk-11.0.18 defined at C:\Users\crdne\.bloop\bloop.json
2023.03.23 17:10:03 INFO  tracing is disabled for protocol BSP, to enable tracing of incoming and outgoing JSON messages create an empty file at C:\DeV\oosets\project\.metals\bsp.trace.json or C:\Users\crdne\AppData\Local\scalameta\metals\cache\bsp.trace.json
2023.03.23 17:10:03 INFO  time: Connected to build server in 0.62s
2023.03.23 17:10:03 INFO  Connected to Build server: Bloop v1.5.6
2023.03.23 17:10:03 INFO  time: Imported build in 0.21s
2023.03.23 17:10:10 INFO  time: indexed workspace in 5.91s
2023.03.23 17:10:39 INFO  Shutting down server
2023.03.23 17:10:39 INFO  shutting down Metals
2023.03.23 17:10:39 INFO  Shut down connection with build server.
2023.03.23 17:10:39 INFO  Shut down connection with build server.
2023.03.23 17:10:39 INFO  Exiting server
2023.03.23 17:10:58 INFO  Started: Metals version 0.11.11 in workspace 'C:\DeV\oosets' for client Visual Studio Code 1.76.2.
SLF4J: No SLF4J providers were found.
SLF4J: Defaulting to no-operation (NOP) logger implementation
SLF4J: See https://www.slf4j.org/codes.html#noProviders for further details.
SLF4J: Class path contains SLF4J bindings targeting slf4j-api versions 1.7.x or earlier.
SLF4J: Ignoring binding found at [jar:file:/C:/Users/crdne/AppData/Local/Coursier/cache/v1/https/repo1.maven.org/maven2/com/outr/scribe-slf4j_2.13/3.11.0/scribe-slf4j_2.13-3.11.0.jar!/org/slf4j/impl/StaticLoggerBinder.class]
SLF4J: See https://www.slf4j.org/codes.html#ignoredBindings for an explanation.
2023.03.23 17:10:59 INFO  time: initialize in 0.76s
2023.03.23 17:11:01 INFO  Attempting to connect to the build server...
2023.03.23 17:11:01 INFO  Bloop uses C:\Java\jdk-11.0.18 defined at C:\Users\crdne\.bloop\bloop.json
2023.03.23 17:11:01 INFO  skipping build import with status 'Installed'
2023.03.23 17:11:01 INFO  tracing is disabled for protocol BSP, to enable tracing of incoming and outgoing JSON messages create an empty file at C:\DeV\oosets\.metals\bsp.trace.json or C:\Users\crdne\AppData\Local\scalameta\metals\cache\bsp.trace.json
2023.03.23 17:11:01 INFO  Attempting to connect to the build server...
2023.03.23 17:11:01 INFO  Bloop uses C:\Java\jdk-11.0.18 defined at C:\Users\crdne\.bloop\bloop.json
2023.03.23 17:11:01 INFO  tracing is disabled for protocol BSP, to enable tracing of incoming and outgoing JSON messages create an empty file at C:\DeV\oosets\project\.metals\bsp.trace.json or C:\Users\crdne\AppData\Local\scalameta\metals\cache\bsp.trace.json
2023.03.23 17:11:01 INFO  time: Connected to build server in 0.41s
2023.03.23 17:11:01 INFO  Connected to Build server: Bloop v1.5.6
2023.03.23 17:11:02 INFO  time: Imported build in 0.12s
2023.03.23 17:11:08 INFO  time: indexed workspace in 6.45s
2023.03.23 17:19:07 INFO  Shutting down server
2023.03.23 17:19:07 INFO  shutting down Metals
2023.03.23 17:19:07 INFO  Shut down connection with build server.
2023.03.23 17:19:07 INFO  Shut down connection with build server.
2023.03.23 17:19:07 INFO  Exiting server
2023.03.23 17:19:33 INFO  Started: Metals version 0.11.11 in workspace 'C:\DeV\oosets' for client Visual Studio Code 1.76.2.
SLF4J: No SLF4J providers were found.
SLF4J: Defaulting to no-operation (NOP) logger implementation
SLF4J: See https://www.slf4j.org/codes.html#noProviders for further details.
SLF4J: Class path contains SLF4J bindings targeting slf4j-api versions 1.7.x or earlier.
SLF4J: Ignoring binding found at [jar:file:/C:/Users/crdne/AppData/Local/Coursier/cache/v1/https/repo1.maven.org/maven2/com/outr/scribe-slf4j_2.13/3.11.0/scribe-slf4j_2.13-3.11.0.jar!/org/slf4j/impl/StaticLoggerBinder.class]
SLF4J: See https://www.slf4j.org/codes.html#ignoredBindings for an explanation.
2023.03.23 17:19:34 INFO  time: initialize in 0.71s
2023.03.23 17:19:35 INFO  Attempting to connect to the build server...
2023.03.23 17:19:35 INFO  Bloop uses C:\Java\jdk-11.0.18 defined at C:\Users\crdne\.bloop\bloop.json
2023.03.23 17:19:36 INFO  skipping build import with status 'Installed'
2023.03.23 17:19:35 INFO  tracing is disabled for protocol BSP, to enable tracing of incoming and outgoing JSON messages create an empty file at C:\DeV\oosets\.metals\bsp.trace.json or C:\Users\crdne\AppData\Local\scalameta\metals\cache\bsp.trace.json
2023.03.23 17:19:35 INFO  Attempting to connect to the build server...
2023.03.23 17:19:35 INFO  Bloop uses C:\Java\jdk-11.0.18 defined at C:\Users\crdne\.bloop\bloop.json
2023.03.23 17:19:35 INFO  tracing is disabled for protocol BSP, to enable tracing of incoming and outgoing JSON messages create an empty file at C:\DeV\oosets\project\.metals\bsp.trace.json or C:\Users\crdne\AppData\Local\scalameta\metals\cache\bsp.trace.json
2023.03.23 17:19:35 INFO  time: Connected to build server in 0.33s
2023.03.23 17:19:35 INFO  Connected to Build server: Bloop v1.5.6
2023.03.23 17:19:36 INFO  time: Imported build in 0.12s
2023.03.23 17:19:41 INFO  time: indexed workspace in 5.48s
2023.03.23 17:20:12 INFO  Shutting down server
2023.03.23 17:20:12 INFO  shutting down Metals
2023.03.23 17:20:12 INFO  Shut down connection with build server.
2023.03.23 17:20:12 INFO  Shut down connection with build server.
2023.03.23 17:20:12 INFO  Exiting server
2023.03.24 13:17:21 INFO  Started: Metals version 0.11.11 in workspace 'C:\DeV\oosets' for client Visual Studio Code 1.76.2.
SLF4J: No SLF4J providers were found.
SLF4J: Defaulting to no-operation (NOP) logger implementation
SLF4J: See https://www.slf4j.org/codes.html#noProviders for further details.
SLF4J: Class path contains SLF4J bindings targeting slf4j-api versions 1.7.x or earlier.
SLF4J: Ignoring binding found at [jar:file:/C:/Users/crdne/AppData/Local/Coursier/cache/v1/https/repo1.maven.org/maven2/com/outr/scribe-slf4j_2.13/3.11.0/scribe-slf4j_2.13-3.11.0.jar!/org/slf4j/impl/StaticLoggerBinder.class]
SLF4J: See https://www.slf4j.org/codes.html#ignoredBindings for an explanation.
2023.03.24 13:17:22 INFO  time: initialize in 0.99s
2023.03.24 13:17:28 INFO  Attempting to connect to the build server...
2023.03.24 13:17:28 INFO  skipping build import with status 'Installed'
2023.03.24 13:17:28 INFO  Bloop uses C:\Java\jdk-11.0.18 defined at C:\Users\crdne\.bloop\bloop.json
2023.03.24 13:17:28 INFO  tracing is disabled for protocol BSP, to enable tracing of incoming and outgoing JSON messages create an empty file at C:\DeV\oosets\.metals\bsp.trace.json or C:\Users\crdne\AppData\Local\scalameta\metals\cache\bsp.trace.json
2023.03.24 13:17:28 INFO  Attempting to connect to the build server...
2023.03.24 13:17:28 INFO  Bloop uses C:\Java\jdk-11.0.18 defined at C:\Users\crdne\.bloop\bloop.json
2023.03.24 13:17:28 INFO  tracing is disabled for protocol BSP, to enable tracing of incoming and outgoing JSON messages create an empty file at C:\DeV\oosets\project\.metals\bsp.trace.json or C:\Users\crdne\AppData\Local\scalameta\metals\cache\bsp.trace.json
2023.03.24 13:17:28 INFO  time: Connected to build server in 0.85s
2023.03.24 13:17:28 INFO  Connected to Build server: Bloop v1.5.6
2023.03.24 13:17:36 INFO  no build target found for C:\DeV\oosets\src\main\scala\oosets\TweetSet.scala. Using presentation compiler with project's scala-library version: 3.2.2
2023.03.24 13:17:36 INFO  time: code lens generation in 8.55s
2023.03.24 13:17:37 INFO  time: Imported build in 0.47s
2023.03.24 13:17:40 INFO  no build target found for C:\DeV\oosets\src\main\scala\oosets\TweetSet.scala. Using presentation compiler with project's scala-library version: 3.2.2
2023.03.24 13:17:44 INFO  time: indexed workspace in 7.2s
Mar 24, 2023 1:35:28 PM org.eclipse.lsp4j.jsonrpc.RemoteEndpoint handleCancellation
WARNING: Unmatched cancel notification for request id 100
2023.03.24 13:57:14 INFO  compiling oosets (1 scala source)
2023.03.24 13:57:22 INFO  time: compiled oosets in 8.43s
2023.03.24 13:58:35 INFO  compiling oosets (1 scala source)
2023.03.24 13:58:37 WARN  Could not load snapshot text for C:\DeV\oosets\src\main\scala\oosets\TweetSet.scala
2023.03.24 13:58:37 WARN  Could not load snapshot text for C:\DeV\oosets\src\main\scala\oosets\TweetSet.scala
2023.03.24 13:58:37 WARN  Could not load snapshot text for C:\DeV\oosets\src\main\scala\oosets\TweetSet.scala
2023.03.24 13:58:37 WARN  Could not load snapshot text for C:\DeV\oosets\src\main\scala\oosets\TweetSet.scala
2023.03.24 13:58:38 INFO  time: compiled oosets in 3.18s
2023.03.24 13:58:38 INFO  compiling oosets (1 scala source)
2023.03.24 13:58:40 INFO  time: compiled oosets in 1.61s
2023.03.24 13:59:10 INFO  compiling oosets (1 scala source)
2023.03.24 13:59:12 INFO  time: compiled oosets in 2.22s
2023.03.24 13:59:29 INFO  compiling oosets (1 scala source)
2023.03.24 13:59:31 INFO  time: compiled oosets in 2.83s
2023.03.24 13:59:31 INFO  compiling oosets (1 scala source)
2023.03.24 13:59:33 INFO  time: compiled oosets in 1.28s
2023.03.24 14:00:15 INFO  compiling oosets-test (1 scala source)
2023.03.24 14:00:18 INFO  time: compiled oosets-test in 2.73s
2023.03.24 15:08:05 INFO  compiling oosets (1 scala source)
2023.03.24 15:08:08 INFO  time: compiled oosets in 3.82s
2023.03.24 15:08:16 INFO  compiling oosets (1 scala source)
2023.03.24 15:08:18 INFO  time: compiled oosets in 1.47s
2023.03.24 15:09:44 INFO  compiling oosets (1 scala source)
2023.03.24 15:09:46 INFO  time: compiled oosets in 1.32s
2023.03.24 15:11:11 INFO  compiling oosets (1 scala source)
2023.03.24 15:11:12 INFO  time: compiled oosets in 1.04s
2023.03.24 15:11:12 INFO  compiling oosets (1 scala source)
2023.03.24 15:11:12 INFO  time: compiled oosets in 0.28s
2023.03.24 15:12:51 INFO  compiling oosets (1 scala source)
2023.03.24 15:12:52 INFO  time: compiled oosets in 1.63s
2023.03.24 15:19:56 INFO  compiling oosets (1 scala source)
2023.03.24 15:19:56 INFO  time: compiled oosets in 0.39s
Mar 24, 2023 3:21:15 PM org.eclipse.lsp4j.jsonrpc.RemoteEndpoint handleCancellation
WARNING: Unmatched cancel notification for request id 1255
2023.03.24 15:22:00 INFO  compiling oosets (1 scala source)
2023.03.24 15:22:00 INFO  time: compiled oosets in 0.25s
Mar 24, 2023 3:22:05 PM org.eclipse.lsp4j.jsonrpc.RemoteEndpoint handleCancellation
WARNING: Unmatched cancel notification for request id 1436
2023.03.24 15:22:09 INFO  compiling oosets (1 scala source)
2023.03.24 15:22:11 INFO  time: compiled oosets in 1.28s
2023.03.24 15:22:50 INFO  compiling oosets (1 scala source)
2023.03.24 15:22:51 INFO  time: compiled oosets in 1.35s
2023.03.24 15:23:09 INFO  compiling oosets (1 scala source)
2023.03.24 15:23:10 INFO  time: compiled oosets in 1.11s
2023.03.24 15:25:45 INFO  compiling oosets (1 scala source)
2023.03.24 15:25:46 INFO  time: compiled oosets in 1.49s
2023.03.24 15:30:31 INFO  compiling oosets (1 scala source)
2023.03.24 15:30:33 INFO  time: compiled oosets in 1.46s
Mar 24, 2023 3:42:59 PM org.eclipse.lsp4j.jsonrpc.RemoteEndpoint handleCancellation
WARNING: Unmatched cancel notification for request id 1926
Exception in thread "pool-5-thread-1" java.lang.InterruptedException
	at scala.meta.internal.metals.FutureCancelToken.checkCanceled(FutureCancelToken.scala:29)
	at scala.meta.internal.pc.CompilerAccess.$anonfun$onCompilerJobQueue$1(CompilerAccess.scala:195)
	at scala.meta.internal.pc.CompilerJobQueue$Job.run(CompilerJobQueue.scala:152)
	at java.base/java.util.concurrent.ThreadPoolExecutor.runWorker(ThreadPoolExecutor.java:1128)
	at java.base/java.util.concurrent.ThreadPoolExecutor$Worker.run(ThreadPoolExecutor.java:628)
	at java.base/java.lang.Thread.run(Thread.java:834)
Exception in thread "pool-5-thread-2" java.lang.InterruptedException
	at scala.meta.internal.metals.FutureCancelToken.checkCanceled(FutureCancelToken.scala:29)
	at scala.meta.internal.pc.CompilerAccess.$anonfun$onCompilerJobQueue$1(CompilerAccess.scala:195)
	at scala.meta.internal.pc.CompilerJobQueue$Job.run(CompilerJobQueue.scala:152)
	at java.base/java.util.concurrent.ThreadPoolExecutor.runWorker(ThreadPoolExecutor.java:1128)
	at java.base/java.util.concurrent.ThreadPoolExecutor$Worker.run(ThreadPoolExecutor.java:628)
	at java.base/java.lang.Thread.run(Thread.java:834)
Mar 24, 2023 3:44:03 PM org.eclipse.lsp4j.jsonrpc.RemoteEndpoint handleCancellation
WARNING: Unmatched cancel notification for request id 2091
Exception in thread "pool-5-thread-3" java.lang.InterruptedException
	at scala.meta.internal.metals.FutureCancelToken.checkCanceled(FutureCancelToken.scala:29)
	at scala.meta.internal.pc.CompilerAccess.$anonfun$onCompilerJobQueue$1(CompilerAccess.scala:195)
	at scala.meta.internal.pc.CompilerJobQueue$Job.run(CompilerJobQueue.scala:152)
	at java.base/java.util.concurrent.ThreadPoolExecutor.runWorker(ThreadPoolExecutor.java:1128)
	at java.base/java.util.concurrent.ThreadPoolExecutor$Worker.run(ThreadPoolExecutor.java:628)
	at java.base/java.lang.Thread.run(Thread.java:834)
Exception in thread "pool-5-thread-4" java.lang.InterruptedException
	at scala.meta.internal.metals.FutureCancelToken.checkCanceled(FutureCancelToken.scala:29)
	at scala.meta.internal.pc.CompilerAccess.$anonfun$onCompilerJobQueue$1(CompilerAccess.scala:195)
	at scala.meta.internal.pc.CompilerJobQueue$Job.run(CompilerJobQueue.scala:152)
	at java.base/java.util.concurrent.ThreadPoolExecutor.runWorker(ThreadPoolExecutor.java:1128)
	at java.base/java.util.concurrent.ThreadPoolExecutor$Worker.run(ThreadPoolExecutor.java:628)
	at java.base/java.lang.Thread.run(Thread.java:834)
2023.03.24 15:44:04 INFO  compiling oosets (1 scala source)
2023.03.24 15:44:04 INFO  time: compiled oosets in 0.81s
2023.03.24 15:44:08 INFO  compiling oosets (1 scala source)
2023.03.24 15:44:08 INFO  time: compiled oosets in 0.14s
2023.03.24 15:44:39 INFO  compiling oosets (1 scala source)
2023.03.24 15:44:39 INFO  time: compiled oosets in 0.14s
2023.03.24 15:44:59 INFO  compiling oosets (1 scala source)
2023.03.24 15:45:01 INFO  time: compiled oosets in 2.28s
2023.03.24 15:45:23 INFO  compiling oosets (1 scala source)
2023.03.24 15:45:23 INFO  time: compiled oosets in 0.12s
Mar 24, 2023 3:45:36 PM org.eclipse.lsp4j.jsonrpc.RemoteEndpoint handleCancellation
WARNING: Unmatched cancel notification for request id 2292
2023.03.24 15:45:40 INFO  compiling oosets (1 scala source)
2023.03.24 15:45:40 INFO  time: compiled oosets in 0.13s
2023.03.24 15:45:44 INFO  compiling oosets (1 scala source)
2023.03.24 15:45:44 INFO  time: compiled oosets in 95ms
2023.03.24 15:46:00 INFO  compiling oosets (1 scala source)
2023.03.24 15:46:02 INFO  time: compiled oosets in 1.31s
2023.03.24 15:46:16 INFO  compiling oosets (1 scala source)
2023.03.24 15:46:17 INFO  time: compiled oosets in 1.23s
2023.03.24 15:46:21 INFO  compiling oosets (1 scala source)
2023.03.24 15:46:21 INFO  time: compiled oosets in 0.11s
2023.03.24 15:46:23 INFO  compiling oosets (1 scala source)
2023.03.24 15:46:24 INFO  time: compiled oosets in 1.11s
2023.03.24 15:46:30 INFO  compiling oosets (1 scala source)
2023.03.24 15:46:31 INFO  time: compiled oosets in 1.21s
2023.03.24 15:47:41 INFO  compiling oosets (1 scala source)
2023.03.24 15:47:42 INFO  time: compiled oosets in 1.07s
2023.03.24 15:48:40 INFO  compiling oosets (1 scala source)
2023.03.24 15:48:41 INFO  time: compiled oosets in 1.19s
2023.03.24 15:58:02 INFO  compiling oosets (1 scala source)
2023.03.24 15:58:04 INFO  time: compiled oosets in 2.07s
Mar 24, 2023 4:02:06 PM org.eclipse.lsp4j.jsonrpc.RemoteEndpoint handleCancellation
WARNING: Unmatched cancel notification for request id 2602
2023.03.24 16:21:31 INFO  compiling oosets (1 scala source)
2023.03.24 16:21:31 INFO  time: compiled oosets in 0.6s
Exception in thread "pool-5-thread-5" java.lang.InterruptedException
	at scala.meta.internal.metals.FutureCancelToken.checkCanceled(FutureCancelToken.scala:29)
	at scala.meta.internal.pc.CompilerAccess.$anonfun$onCompilerJobQueue$1(CompilerAccess.scala:195)
	at scala.meta.internal.pc.CompilerJobQueue$Job.run(CompilerJobQueue.scala:152)
	at java.base/java.util.concurrent.ThreadPoolExecutor.runWorker(ThreadPoolExecutor.java:1128)
	at java.base/java.util.concurrent.ThreadPoolExecutor$Worker.run(ThreadPoolExecutor.java:628)
	at java.base/java.lang.Thread.run(Thread.java:834)
Exception in thread "pool-5-thread-6" java.lang.InterruptedException
	at scala.meta.internal.metals.FutureCancelToken.checkCanceled(FutureCancelToken.scala:29)
	at scala.meta.internal.pc.CompilerAccess.$anonfun$onCompilerJobQueue$1(CompilerAccess.scala:195)
	at scala.meta.internal.pc.CompilerJobQueue$Job.run(CompilerJobQueue.scala:152)
	at java.base/java.util.concurrent.ThreadPoolExecutor.runWorker(ThreadPoolExecutor.java:1128)
	at java.base/java.util.concurrent.ThreadPoolExecutor$Worker.run(ThreadPoolExecutor.java:628)
	at java.base/java.lang.Thread.run(Thread.java:834)
2023.03.24 16:22:32 INFO  compiling oosets (1 scala source)
2023.03.24 16:22:32 INFO  time: compiled oosets in 0.44s
2023.03.24 16:25:14 INFO  compiling oosets (1 scala source)
2023.03.24 16:25:14 INFO  time: compiled oosets in 0.17s
2023.03.24 16:26:18 INFO  compiling oosets (1 scala source)
Mar 24, 2023 4:26:18 PM org.eclipse.lsp4j.jsonrpc.RemoteEndpoint handleCancellation
WARNING: Unmatched cancel notification for request id 3376
2023.03.24 16:26:18 INFO  time: compiled oosets in 0.2s
2023.03.24 16:26:18 INFO  compiling oosets (1 scala source)
2023.03.24 16:26:18 INFO  time: compiled oosets in 0.12s
Exception in thread "pool-5-thread-7" java.lang.InterruptedException
	at scala.meta.internal.metals.FutureCancelToken.checkCanceled(FutureCancelToken.scala:29)
	at scala.meta.internal.pc.CompilerAccess.$anonfun$onCompilerJobQueue$1(CompilerAccess.scala:195)
	at scala.meta.internal.pc.CompilerJobQueue$Job.run(CompilerJobQueue.scala:152)
	at java.base/java.util.concurrent.ThreadPoolExecutor.runWorker(ThreadPoolExecutor.java:1128)
	at java.base/java.util.concurrent.ThreadPoolExecutor$Worker.run(ThreadPoolExecutor.java:628)
	at java.base/java.lang.Thread.run(Thread.java:834)
2023.03.24 16:26:58 INFO  compiling oosets (1 scala source)
2023.03.24 16:27:00 INFO  time: compiled oosets in 1.8s
2023.03.24 16:27:00 INFO  compiling oosets-test (1 scala source)
2023.03.24 16:27:01 INFO  time: compiled oosets-test in 0.72s
2023.03.24 16:27:10 INFO  Configured debugger context in 5 seconds
2023.03.24 16:27:10 INFO  tracing is disabled for protocol dap-server, to enable tracing of incoming and outgoing JSON messages create an empty file at C:\DeV\oosets\.metals\dap-server.trace.json or C:\Users\crdne\AppData\Local\scalameta\metals\cache\dap-server.trace.json
2023.03.24 16:27:10 INFO  tracing is disabled for protocol dap-client, to enable tracing of incoming and outgoing JSON messages create an empty file at C:\DeV\oosets\.metals\dap-client.trace.json or C:\Users\crdne\AppData\Local\scalameta\metals\cache\dap-client.trace.json
2023.03.24 16:27:10 INFO  Starting debug proxy for [objsets.TweetSetSuite(union: with empty set (1))]
2023.03.24 16:27:10 INFO  Trying to attach to remote debuggee VM 127.0.0.1:56034 .
2023.03.24 16:27:11 INFO  Attaching to debuggee VM succeeded.
2023.03.24 16:27:12 INFO  Canceling debug proxy for [objsets.TweetSetSuite(union: with empty set (1))]
2023.03.24 16:27:12 INFO  Closing debug server tcp://0.0.0.0:56028
2023.03.24 16:27:32 INFO  Configured debugger context in 2 seconds
2023.03.24 16:27:32 INFO  tracing is disabled for protocol dap-server, to enable tracing of incoming and outgoing JSON messages create an empty file at C:\DeV\oosets\.metals\dap-server.trace.json or C:\Users\crdne\AppData\Local\scalameta\metals\cache\dap-server.trace.json
2023.03.24 16:27:32 INFO  tracing is disabled for protocol dap-client, to enable tracing of incoming and outgoing JSON messages create an empty file at C:\DeV\oosets\.metals\dap-client.trace.json or C:\Users\crdne\AppData\Local\scalameta\metals\cache\dap-client.trace.json
2023.03.24 16:27:32 INFO  Starting debug proxy for [objsets.TweetSetSuite()]
2023.03.24 16:27:32 INFO  Trying to attach to remote debuggee VM 127.0.0.1:56051 .
2023.03.24 16:27:32 INFO  Attaching to debuggee VM succeeded.
2023.03.24 16:27:33 INFO  Canceling debug proxy for [objsets.TweetSetSuite()]
2023.03.24 16:27:33 INFO  Closing debug server tcp://0.0.0.0:56045
2023.03.24 16:28:23 INFO  compiling oosets (1 scala source)
2023.03.24 16:28:25 INFO  time: compiled oosets in 1.2s
Mar 24, 2023 4:29:26 PM org.eclipse.lsp4j.jsonrpc.RemoteEndpoint handleCancellation
WARNING: Unmatched cancel notification for request id 3544
Mar 24, 2023 4:30:26 PM org.eclipse.lsp4j.jsonrpc.RemoteEndpoint handleCancellation
WARNING: Unmatched cancel notification for request id 3659
2023.03.24 16:30:41 INFO  compiling oosets-test (1 scala source)
2023.03.24 16:30:42 INFO  time: compiled oosets-test in 1.33s
2023.03.24 16:30:49 INFO  Configured debugger context in 3 seconds
2023.03.24 16:30:49 INFO  tracing is disabled for protocol dap-server, to enable tracing of incoming and outgoing JSON messages create an empty file at C:\DeV\oosets\.metals\dap-server.trace.json or C:\Users\crdne\AppData\Local\scalameta\metals\cache\dap-server.trace.json
2023.03.24 16:30:49 INFO  compiling oosets-test (1 scala source)
2023.03.24 16:30:49 INFO  tracing is disabled for protocol dap-client, to enable tracing of incoming and outgoing JSON messages create an empty file at C:\DeV\oosets\.metals\dap-client.trace.json or C:\Users\crdne\AppData\Local\scalameta\metals\cache\dap-client.trace.json
2023.03.24 16:30:49 INFO  Starting debug proxy for [objsets.TweetSetSuite()]
2023.03.24 16:30:49 INFO  Trying to attach to remote debuggee VM 127.0.0.1:56102 .
2023.03.24 16:30:49 INFO  Attaching to debuggee VM succeeded.
2023.03.24 16:30:51 INFO  time: compiled oosets-test in 1.32s
2023.03.24 16:30:51 INFO  Canceling debug proxy for [objsets.TweetSetSuite()]
2023.03.24 16:30:51 INFO  Closing debug server tcp://0.0.0.0:56094
2023.03.24 16:31:53 INFO  compiling oosets-test (1 scala source)
2023.03.24 16:31:54 INFO  time: compiled oosets-test in 1.32s
2023.03.24 16:31:56 INFO  Configured debugger context in 1 second
2023.03.24 16:31:56 INFO  tracing is disabled for protocol dap-server, to enable tracing of incoming and outgoing JSON messages create an empty file at C:\DeV\oosets\.metals\dap-server.trace.json or C:\Users\crdne\AppData\Local\scalameta\metals\cache\dap-server.trace.json
2023.03.24 16:31:56 INFO  tracing is disabled for protocol dap-client, to enable tracing of incoming and outgoing JSON messages create an empty file at C:\DeV\oosets\.metals\dap-client.trace.json or C:\Users\crdne\AppData\Local\scalameta\metals\cache\dap-client.trace.json
2023.03.24 16:31:56 INFO  Starting debug proxy for [objsets.TweetSetSuite()]
2023.03.24 16:31:56 INFO  Trying to attach to remote debuggee VM 127.0.0.1:56129 .
2023.03.24 16:31:56 INFO  Attaching to debuggee VM succeeded.
2023.03.24 16:31:58 INFO  Canceling debug proxy for [objsets.TweetSetSuite()]
2023.03.24 16:31:58 INFO  Closing debug server tcp://0.0.0.0:56122
Mar 24, 2023 4:56:16 PM org.eclipse.lsp4j.jsonrpc.RemoteEndpoint handleCancellation
WARNING: Unmatched cancel notification for request id 4441
Mar 24, 2023 5:02:25 PM org.eclipse.lsp4j.jsonrpc.RemoteEndpoint handleCancellation
WARNING: Unmatched cancel notification for request id 4918
2023.03.24 17:03:19 INFO  compiling oosets (1 scala source)
2023.03.24 17:03:22 INFO  time: compiled oosets in 3.12s
2023.03.24 17:03:22 INFO  compiling oosets-test (1 scala source)
2023.03.24 17:03:24 INFO  time: compiled oosets-test in 1.25s
2023.03.24 17:03:29 INFO  Configured debugger context in 5 seconds
2023.03.24 17:03:29 INFO  tracing is disabled for protocol dap-server, to enable tracing of incoming and outgoing JSON messages create an empty file at C:\DeV\oosets\.metals\dap-server.trace.json or C:\Users\crdne\AppData\Local\scalameta\metals\cache\dap-server.trace.json
2023.03.24 17:03:29 INFO  tracing is disabled for protocol dap-client, to enable tracing of incoming and outgoing JSON messages create an empty file at C:\DeV\oosets\.metals\dap-client.trace.json or C:\Users\crdne\AppData\Local\scalameta\metals\cache\dap-client.trace.json
2023.03.24 17:03:30 INFO  Starting debug proxy for [objsets.TweetSetSuite()]
2023.03.24 17:03:29 INFO  Trying to attach to remote debuggee VM 127.0.0.1:56301 .
2023.03.24 17:03:29 INFO  Attaching to debuggee VM succeeded.
2023.03.24 17:03:31 INFO  Canceling debug proxy for [objsets.TweetSetSuite()]
2023.03.24 17:03:31 INFO  Closing debug server tcp://0.0.0.0:56292
2023.03.24 17:04:35 INFO  compiling oosets (1 scala source)
2023.03.24 17:04:35 INFO  time: compiled oosets in 0.46s
2023.03.24 17:04:35 WARN  Could not load snapshot text for C:\DeV\oosets\src\main\scala\oosets\TweetSet.scala
2023.03.24 17:04:54 WARN  Could not load snapshot text for C:\DeV\oosets\src\main\scala\oosets\TweetSet.scala
2023.03.24 17:04:56 WARN  Could not load snapshot text for C:\DeV\oosets\src\main\scala\oosets\TweetSet.scala
2023.03.24 17:04:57 WARN  Could not load snapshot text for C:\DeV\oosets\src\main\scala\oosets\TweetSet.scala
2023.03.24 17:04:58 WARN  Could not load snapshot text for C:\DeV\oosets\src\main\scala\oosets\TweetSet.scala
2023.03.24 17:05:00 WARN  Could not load snapshot text for C:\DeV\oosets\src\main\scala\oosets\TweetSet.scala
2023.03.24 17:05:01 WARN  Could not load snapshot text for C:\DeV\oosets\src\main\scala\oosets\TweetSet.scala
2023.03.24 17:05:04 WARN  Could not load snapshot text for C:\DeV\oosets\src\main\scala\oosets\TweetSet.scala
2023.03.24 17:05:05 WARN  Could not load snapshot text for C:\DeV\oosets\src\main\scala\oosets\TweetSet.scala
2023.03.24 17:05:05 INFO  compiling oosets (1 scala source)
2023.03.24 17:05:05 INFO  time: compiled oosets in 0.17s
2023.03.24 17:05:05 WARN  Could not load snapshot text for C:\DeV\oosets\src\main\scala\oosets\TweetSet.scala
2023.03.24 17:05:18 WARN  Could not load snapshot text for C:\DeV\oosets\src\main\scala\oosets\TweetSet.scala
2023.03.24 17:05:18 WARN  Could not load snapshot text for C:\DeV\oosets\src\main\scala\oosets\TweetSet.scala
2023.03.24 17:05:19 WARN  Could not load snapshot text for C:\DeV\oosets\src\main\scala\oosets\TweetSet.scala
2023.03.24 17:05:21 WARN  Could not load snapshot text for C:\DeV\oosets\src\main\scala\oosets\TweetSet.scala
2023.03.24 17:05:25 WARN  Could not load snapshot text for C:\DeV\oosets\src\main\scala\oosets\TweetSet.scala
2023.03.24 17:05:25 WARN  Could not load snapshot text for C:\DeV\oosets\src\main\scala\oosets\TweetSet.scala
2023.03.24 17:05:26 WARN  Could not load snapshot text for C:\DeV\oosets\src\main\scala\oosets\TweetSet.scala
2023.03.24 17:05:26 WARN  Could not load snapshot text for C:\DeV\oosets\src\main\scala\oosets\TweetSet.scala
2023.03.24 17:05:27 WARN  Could not load snapshot text for C:\DeV\oosets\src\main\scala\oosets\TweetSet.scala
2023.03.24 17:05:39 WARN  Could not load snapshot text for C:\DeV\oosets\src\main\scala\oosets\TweetSet.scala
2023.03.24 17:06:00 WARN  Could not load snapshot text for C:\DeV\oosets\src\main\scala\oosets\TweetSet.scala
2023.03.24 17:06:01 WARN  Could not load snapshot text for C:\DeV\oosets\src\main\scala\oosets\TweetSet.scala
2023.03.24 17:06:03 WARN  Could not load snapshot text for C:\DeV\oosets\src\main\scala\oosets\TweetSet.scala
2023.03.24 17:06:10 WARN  Could not load snapshot text for C:\DeV\oosets\src\main\scala\oosets\TweetSet.scala
2023.03.24 17:06:12 WARN  Could not load snapshot text for C:\DeV\oosets\src\main\scala\oosets\TweetSet.scala
2023.03.24 17:06:12 WARN  Could not load snapshot text for C:\DeV\oosets\src\main\scala\oosets\TweetSet.scala
2023.03.24 17:06:13 WARN  Could not load snapshot text for C:\DeV\oosets\src\main\scala\oosets\TweetSet.scala
2023.03.24 17:06:16 WARN  Could not load snapshot text for C:\DeV\oosets\src\main\scala\oosets\TweetSet.scala
2023.03.24 17:06:17 WARN  Could not load snapshot text for C:\DeV\oosets\src\main\scala\oosets\TweetSet.scala
2023.03.24 17:06:18 WARN  Could not load snapshot text for C:\DeV\oosets\src\main\scala\oosets\TweetSet.scala
2023.03.24 17:06:18 WARN  Could not load snapshot text for C:\DeV\oosets\src\main\scala\oosets\TweetSet.scala
2023.03.24 17:06:20 WARN  Could not load snapshot text for C:\DeV\oosets\src\main\scala\oosets\TweetSet.scala
2023.03.24 17:06:22 WARN  Could not load snapshot text for C:\DeV\oosets\src\main\scala\oosets\TweetSet.scala
2023.03.24 17:06:23 WARN  Could not load snapshot text for C:\DeV\oosets\src\main\scala\oosets\TweetSet.scala
2023.03.24 17:06:24 WARN  Could not load snapshot text for C:\DeV\oosets\src\main\scala\oosets\TweetSet.scala
2023.03.24 17:06:24 WARN  Could not load snapshot text for C:\DeV\oosets\src\main\scala\oosets\TweetSet.scala
2023.03.24 17:06:26 WARN  Could not load snapshot text for C:\DeV\oosets\src\main\scala\oosets\TweetSet.scala
2023.03.24 17:06:26 WARN  Could not load snapshot text for C:\DeV\oosets\src\main\scala\oosets\TweetSet.scala
2023.03.24 17:06:33 WARN  Could not load snapshot text for C:\DeV\oosets\src\main\scala\oosets\TweetSet.scala
2023.03.24 17:06:37 WARN  Could not load snapshot text for C:\DeV\oosets\src\main\scala\oosets\TweetSet.scala
2023.03.24 17:06:38 WARN  Could not load snapshot text for C:\DeV\oosets\src\main\scala\oosets\TweetSet.scala
2023.03.24 17:06:38 WARN  Could not load snapshot text for C:\DeV\oosets\src\main\scala\oosets\TweetSet.scala
2023.03.24 17:06:38 WARN  Could not load snapshot text for C:\DeV\oosets\src\main\scala\oosets\TweetSet.scala
2023.03.24 17:06:39 WARN  Could not load snapshot text for C:\DeV\oosets\src\main\scala\oosets\TweetSet.scala
2023.03.24 17:06:40 WARN  Could not load snapshot text for C:\DeV\oosets\src\main\scala\oosets\TweetSet.scala
2023.03.24 17:06:41 WARN  Could not load snapshot text for C:\DeV\oosets\src\main\scala\oosets\TweetSet.scala
2023.03.24 17:06:40 WARN  Could not load snapshot text for C:\DeV\oosets\src\main\scala\oosets\TweetSet.scala
2023.03.24 17:06:44 WARN  Could not load snapshot text for C:\DeV\oosets\src\main\scala\oosets\TweetSet.scala
2023.03.24 17:06:49 WARN  Could not load snapshot text for C:\DeV\oosets\src\main\scala\oosets\TweetSet.scala
2023.03.24 17:06:52 WARN  Could not load snapshot text for C:\DeV\oosets\src\main\scala\oosets\TweetSet.scala
2023.03.24 17:06:53 WARN  Could not load snapshot text for C:\DeV\oosets\src\main\scala\oosets\TweetSet.scala
2023.03.24 17:06:55 WARN  Could not load snapshot text for C:\DeV\oosets\src\main\scala\oosets\TweetSet.scala
2023.03.24 17:07:01 WARN  Could not load snapshot text for C:\DeV\oosets\src\main\scala\oosets\TweetSet.scala
2023.03.24 17:07:04 WARN  Could not load snapshot text for C:\DeV\oosets\src\main\scala\oosets\TweetSet.scala
2023.03.24 17:07:09 WARN  Could not load snapshot text for C:\DeV\oosets\src\main\scala\oosets\TweetSet.scala
2023.03.24 17:07:10 WARN  Could not load snapshot text for C:\DeV\oosets\src\main\scala\oosets\TweetSet.scala
2023.03.24 17:07:11 WARN  Could not load snapshot text for C:\DeV\oosets\src\main\scala\oosets\TweetSet.scala
2023.03.24 17:07:11 WARN  Could not load snapshot text for C:\DeV\oosets\src\main\scala\oosets\TweetSet.scala
2023.03.24 17:07:14 WARN  Could not load snapshot text for C:\DeV\oosets\src\main\scala\oosets\TweetSet.scala
2023.03.24 17:07:18 WARN  Could not load snapshot text for C:\DeV\oosets\src\main\scala\oosets\TweetSet.scala
2023.03.24 17:07:18 WARN  Could not load snapshot text for C:\DeV\oosets\src\main\scala\oosets\TweetSet.scala
2023.03.24 17:07:20 INFO  compiling oosets (1 scala source)
2023.03.24 17:07:21 INFO  time: compiled oosets in 1.4s
2023.03.24 17:07:24 INFO  compiling oosets (1 scala source)
2023.03.24 17:07:24 INFO  time: compiled oosets in 83ms
2023.03.24 17:08:48 INFO  compiling oosets (1 scala source)
2023.03.24 17:08:48 INFO  time: compiled oosets in 89ms
2023.03.24 17:09:07 INFO  compiling oosets (1 scala source)
2023.03.24 17:09:07 INFO  time: compiled oosets in 91ms
2023.03.24 17:09:30 INFO  compiling oosets (1 scala source)
2023.03.24 17:09:30 INFO  time: compiled oosets in 74ms
2023.03.24 17:09:30 INFO  compiling oosets (1 scala source)
2023.03.24 17:09:30 INFO  time: compiled oosets in 44ms
2023.03.24 17:09:44 INFO  compiling oosets (1 scala source)
2023.03.24 17:09:44 INFO  time: compiled oosets in 66ms
2023.03.24 17:09:52 INFO  compiling oosets (1 scala source)
2023.03.24 17:09:52 INFO  time: compiled oosets in 73ms
2023.03.24 17:10:29 INFO  compiling oosets (1 scala source)
2023.03.24 17:10:29 INFO  time: compiled oosets in 88ms
2023.03.24 17:10:33 INFO  compiling oosets (1 scala source)
2023.03.24 17:10:33 INFO  time: compiled oosets in 89ms
2023.03.24 17:10:33 INFO  compiling oosets (1 scala source)
2023.03.24 17:10:33 INFO  time: compiled oosets in 60ms
2023.03.24 17:10:34 INFO  compiling oosets (1 scala source)
2023.03.24 17:10:34 INFO  time: compiled oosets in 48ms
2023.03.24 17:10:34 INFO  compiling oosets (1 scala source)
2023.03.24 17:10:34 INFO  time: compiled oosets in 45ms
2023.03.24 17:10:34 INFO  compiling oosets (1 scala source)
2023.03.24 17:10:34 INFO  time: compiled oosets in 47ms
2023.03.24 17:10:39 INFO  compiling oosets (1 scala source)
2023.03.24 17:10:39 INFO  time: compiled oosets in 82ms
2023.03.24 17:11:14 INFO  file:///C:/DeV/oosets/src/main/scala/oosets/TweetSet.scala:137:3: stale bloop error: Missing closing brace `}` assumed here
  val max = mostRetweeted
  ^
2023.03.24 17:11:14 INFO  file:///C:/DeV/oosets/src/main/scala/oosets/TweetSet.scala:141:12: stale bloop error: expected start of definition
  override def mostRetweeted: Tweet = {
           ^
2023.03.24 17:11:14 INFO  file:///C:/DeV/oosets/src/main/scala/oosets/TweetSet.scala:137:3: stale bloop error: Missing closing brace `}` assumed here
  val max = mostRetweeted
  ^
2023.03.24 17:11:14 INFO  file:///C:/DeV/oosets/src/main/scala/oosets/TweetSet.scala:141:12: stale bloop error: expected start of definition
  override def mostRetweeted: Tweet = {
           ^
2023.03.24 17:11:30 INFO  compiling oosets (1 scala source)
2023.03.24 17:11:30 INFO  time: compiled oosets in 79ms
2023.03.24 17:11:32 INFO  compiling oosets (1 scala source)
2023.03.24 17:11:32 INFO  time: compiled oosets in 77ms
2023.03.24 17:11:33 INFO  compiling oosets (1 scala source)
2023.03.24 17:11:33 INFO  time: compiled oosets in 72ms
2023.03.24 17:11:36 INFO  compiling oosets (1 scala source)
2023.03.24 17:11:36 INFO  time: compiled oosets in 97ms
2023.03.24 17:12:13 INFO  compiling oosets (1 scala source)
2023.03.24 17:12:14 INFO  time: compiled oosets in 1.11s
2023.03.24 17:12:20 INFO  compiling oosets (1 scala source)
2023.03.24 17:12:21 INFO  time: compiled oosets in 1.27s
2023.03.24 17:12:57 INFO  compiling oosets (1 scala source)
2023.03.24 17:12:57 INFO  time: compiled oosets in 0.98s
2023.03.24 17:13:01 INFO  compiling oosets (1 scala source)
2023.03.24 17:13:02 INFO  time: compiled oosets in 1.02s
2023.03.24 17:13:16 INFO  compiling oosets (1 scala source)
2023.03.24 17:13:16 INFO  time: compiled oosets in 66ms
2023.03.24 17:13:23 INFO  compiling oosets (1 scala source)
2023.03.24 17:13:23 INFO  time: compiled oosets in 74ms
2023.03.24 17:13:32 INFO  compiling oosets (1 scala source)
2023.03.24 17:13:33 INFO  time: compiled oosets in 1.25s
2023.03.24 17:13:47 INFO  Configured debugger context in 3 seconds
2023.03.24 17:13:47 INFO  tracing is disabled for protocol dap-server, to enable tracing of incoming and outgoing JSON messages create an empty file at C:\DeV\oosets\.metals\dap-server.trace.json or C:\Users\crdne\AppData\Local\scalameta\metals\cache\dap-server.trace.json
2023.03.24 17:13:47 INFO  tracing is disabled for protocol dap-client, to enable tracing of incoming and outgoing JSON messages create an empty file at C:\DeV\oosets\.metals\dap-client.trace.json or C:\Users\crdne\AppData\Local\scalameta\metals\cache\dap-client.trace.json
2023.03.24 17:13:47 INFO  Starting debug proxy for [objsets.TweetSetSuite()]
2023.03.24 17:13:47 INFO  Trying to attach to remote debuggee VM 127.0.0.1:56466 .
2023.03.24 17:13:47 INFO  Attaching to debuggee VM succeeded.
2023.03.24 17:13:49 INFO  Canceling debug proxy for [objsets.TweetSetSuite()]
2023.03.24 17:13:49 INFO  Closing debug server tcp://0.0.0.0:56460
2023.03.24 17:14:09 INFO  compiling oosets (1 scala source)
2023.03.24 17:14:11 INFO  time: compiled oosets in 2.41s
Mar 24, 2023 6:06:28 PM org.eclipse.lsp4j.jsonrpc.RemoteEndpoint handleCancellation
WARNING: Unmatched cancel notification for request id 6925
Mar 24, 2023 6:14:21 PM org.eclipse.lsp4j.jsonrpc.RemoteEndpoint handleCancellation
WARNING: Unmatched cancel notification for request id 7415
2023.03.24 18:14:49 INFO  compiling oosets (1 scala source)
2023.03.24 18:14:50 INFO  time: compiled oosets in 1.45s
2023.03.24 18:16:17 INFO  compiling oosets (1 scala source)
2023.03.24 18:16:20 INFO  time: compiled oosets in 2.8s
Mar 24, 2023 6:17:27 PM org.eclipse.lsp4j.jsonrpc.RemoteEndpoint handleCancellation
WARNING: Unmatched cancel notification for request id 7845
Exception in thread "pool-5-thread-8" java.lang.InterruptedException
	at scala.meta.internal.metals.FutureCancelToken.checkCanceled(FutureCancelToken.scala:29)
	at scala.meta.internal.pc.CompilerAccess.$anonfun$onCompilerJobQueue$1(CompilerAccess.scala:195)
	at scala.meta.internal.pc.CompilerJobQueue$Job.run(CompilerJobQueue.scala:152)
	at java.base/java.util.concurrent.ThreadPoolExecutor.runWorker(ThreadPoolExecutor.java:1128)
	at java.base/java.util.concurrent.ThreadPoolExecutor$Worker.run(ThreadPoolExecutor.java:628)
	at java.base/java.lang.Thread.run(Thread.java:834)
2023.03.24 18:17:34 INFO  compiling oosets (1 scala source)
2023.03.24 18:17:36 INFO  time: compiled oosets in 2.13s
2023.03.24 18:18:44 INFO  compiling oosets (1 scala source)
2023.03.24 18:18:46 INFO  time: compiled oosets in 2.53s
2023.03.24 18:22:58 INFO  compiling oosets (1 scala source)
2023.03.24 18:23:01 INFO  time: compiled oosets in 2.89s
Mar 24, 2023 6:24:27 PM org.eclipse.lsp4j.jsonrpc.RemoteEndpoint handleCancellation
WARNING: Unmatched cancel notification for request id 8271
Mar 24, 2023 6:29:59 PM org.eclipse.lsp4j.jsonrpc.RemoteEndpoint handleCancellation
WARNING: Unmatched cancel notification for request id 8342
Mar 24, 2023 6:29:59 PM org.eclipse.lsp4j.jsonrpc.RemoteEndpoint handleCancellation
WARNING: Unmatched cancel notification for request id 8345
Exception in thread "pool-5-thread-9" java.lang.InterruptedException
	at scala.meta.internal.metals.FutureCancelToken.checkCanceled(FutureCancelToken.scala:29)
	at scala.meta.internal.pc.CompilerAccess.$anonfun$onCompilerJobQueue$1(CompilerAccess.scala:195)
	at scala.meta.internal.pc.CompilerJobQueue$Job.run(CompilerJobQueue.scala:152)
	at java.base/java.util.concurrent.ThreadPoolExecutor.runWorker(ThreadPoolExecutor.java:1128)
	at java.base/java.util.concurrent.ThreadPoolExecutor$Worker.run(ThreadPoolExecutor.java:628)
	at java.base/java.lang.Thread.run(Thread.java:834)
Mar 24, 2023 6:30:05 PM org.eclipse.lsp4j.jsonrpc.RemoteEndpoint handleCancellation
WARNING: Unmatched cancel notification for request id 8370
2023.03.24 18:30:11 INFO  compiling oosets (1 scala source)
2023.03.24 18:30:12 INFO  time: compiled oosets in 1.79s
2023.03.24 18:30:37 INFO  compiling oosets (1 scala source)
2023.03.24 18:30:37 INFO  Deduplicating compilation of oosets from bsp client 'Metals 0.11.11' (since 5h 13m 8.37s)
2023.03.24 18:30:37 INFO  compiling oosets (1 scala source)
2023.03.24 18:30:39 INFO  time: compiled oosets in 2.24s
2023.03.24 18:31:11 INFO  compiling oosets (1 scala source)
2023.03.24 18:31:13 INFO  time: compiled oosets in 2.5s
Mar 24, 2023 9:13:53 PM org.eclipse.lsp4j.jsonrpc.RemoteEndpoint handleCancellation
WARNING: Unmatched cancel notification for request id 8539
Mar 24, 2023 10:20:29 PM org.eclipse.lsp4j.jsonrpc.RemoteEndpoint handleCancellation
WARNING: Unmatched cancel notification for request id 8667
2023.03.24 22:20:39 INFO  compiling oosets (1 scala source)
2023.03.24 22:20:44 INFO  time: compiled oosets in 5.19s
2023.03.24 22:21:09 INFO  compiling oosets (1 scala source)
2023.03.24 22:21:12 INFO  time: compiled oosets in 3.54s
2023.03.24 22:21:23 INFO  Configured debugger context in 6 seconds
2023.03.24 22:21:23 INFO  tracing is disabled for protocol dap-server, to enable tracing of incoming and outgoing JSON messages create an empty file at C:\DeV\oosets\.metals\dap-server.trace.json or C:\Users\crdne\AppData\Local\scalameta\metals\cache\dap-server.trace.json
2023.03.24 22:21:23 INFO  tracing is disabled for protocol dap-client, to enable tracing of incoming and outgoing JSON messages create an empty file at C:\DeV\oosets\.metals\dap-client.trace.json or C:\Users\crdne\AppData\Local\scalameta\metals\cache\dap-client.trace.json
2023.03.24 22:21:23 INFO  Starting debug proxy for [objsets.TweetSetSuite]
2023.03.24 22:21:24 INFO  Trying to attach to remote debuggee VM 127.0.0.1:53129 .
2023.03.24 22:21:24 INFO  Attaching to debuggee VM succeeded.
2023.03.24 22:21:26 INFO  Closing debug server tcp://0.0.0.0:53121
2023.03.24 22:21:26 INFO  Canceling debug proxy for [objsets.TweetSetSuite]
2023.03.24 22:36:05 INFO  compiling oosets (1 scala source)
2023.03.24 22:36:05 INFO  time: compiled oosets in 0.66s
2023.03.24 22:37:47 INFO  compiling oosets (1 scala source)
2023.03.24 22:37:50 INFO  time: compiled oosets in 2.54s
2023.03.24 22:40:50 INFO  compiling oosets (1 scala source)
2023.03.24 22:40:50 INFO  time: compiled oosets in 0.27s
2023.03.24 22:41:26 INFO  compiling oosets (1 scala source)
2023.03.24 22:41:28 INFO  time: compiled oosets in 2.21s
2023.03.24 22:48:06 INFO  compiling oosets (1 scala source)
2023.03.24 22:48:06 INFO  time: compiled oosets in 0.56s
Mar 24, 2023 10:48:16 PM org.eclipse.lsp4j.jsonrpc.RemoteEndpoint handleCancellation
WARNING: Unmatched cancel notification for request id 9119
2023.03.24 22:48:21 INFO  compiling oosets (1 scala source)
2023.03.24 22:48:23 INFO  time: compiled oosets in 2.19s
2023.03.24 22:48:31 INFO  compiling oosets (5 scala sources)
2023.03.24 22:48:31 INFO  time: compiled oosets in 0.27s
2023.03.24 22:48:31 INFO  compiling oosets (5 scala sources)
2023.03.24 22:48:31 INFO  time: compiled oosets in 0.15s
2023.03.24 22:48:36 INFO  compiling oosets (5 scala sources)
2023.03.24 22:48:36 INFO  time: compiled oosets in 0.19s
2023.03.24 22:48:36 INFO  compiling oosets (5 scala sources)
2023.03.24 22:48:36 INFO  time: compiled oosets in 0.13s
2023.03.24 22:48:55 INFO  compiling oosets (5 scala sources)
2023.03.24 22:48:55 INFO  time: compiled oosets in 0.17s
2023.03.24 22:49:30 INFO  compiling oosets (5 scala sources)
2023.03.24 22:49:30 INFO  time: compiled oosets in 0.18s
2023.03.24 22:51:43 INFO  compiling oosets (5 scala sources)
2023.03.24 22:51:43 INFO  time: compiled oosets in 0.16s
2023.03.24 22:52:18 INFO  compiling oosets (5 scala sources)
2023.03.24 22:52:18 INFO  time: compiled oosets in 0.18s
2023.03.24 22:52:29 INFO  compiling oosets (4 scala sources)
2023.03.24 22:52:32 INFO  time: compiled oosets in 2.96s
2023.03.24 22:53:02 INFO  compiling oosets (1 scala source)
2023.03.24 22:53:02 INFO  Deduplicating compilation of oosets from bsp client 'Metals 0.11.11' (since 9h 35m 33.314s)
2023.03.24 22:53:02 INFO  compiling oosets (1 scala source)
2023.03.24 22:53:05 INFO  time: compiled oosets in 2.82s
2023.03.24 22:53:11 INFO  Configured debugger context in 5 seconds
2023.03.24 22:53:11 INFO  tracing is disabled for protocol dap-server, to enable tracing of incoming and outgoing JSON messages create an empty file at C:\DeV\oosets\.metals\dap-server.trace.json or C:\Users\crdne\AppData\Local\scalameta\metals\cache\dap-server.trace.json
2023.03.24 22:53:11 INFO  tracing is disabled for protocol dap-client, to enable tracing of incoming and outgoing JSON messages create an empty file at C:\DeV\oosets\.metals\dap-client.trace.json or C:\Users\crdne\AppData\Local\scalameta\metals\cache\dap-client.trace.json
2023.03.24 22:53:11 INFO  Starting debug proxy for [objsets.TweetSetSuite]
2023.03.24 22:53:11 INFO  Trying to attach to remote debuggee VM 127.0.0.1:53600 .
2023.03.24 22:53:11 INFO  Attaching to debuggee VM succeeded.
2023.03.24 22:53:13 INFO  Canceling debug proxy for [objsets.TweetSetSuite]
2023.03.24 22:53:13 INFO  Closing debug server tcp://0.0.0.0:53593
2023.03.24 22:53:43 INFO  compiling oosets (1 scala source)
2023.03.24 22:53:43 INFO  time: compiled oosets in 0.77s
2023.03.24 22:54:02 INFO  compiling oosets (1 scala source)
2023.03.24 22:54:02 INFO  time: compiled oosets in 0.15s
2023.03.24 22:54:08 INFO  compiling oosets (1 scala source)
2023.03.24 22:54:08 INFO  time: compiled oosets in 0.14s
Mar 24, 2023 10:54:17 PM org.eclipse.lsp4j.jsonrpc.RemoteEndpoint handleNotification
WARNING: Notification threw an exception: {
  "jsonrpc": "2.0",
  "method": "build/publishDiagnostics",
  "params": {
    "textDocument": {
      "uri": "file:///C:/DeV/oosets/src/main/scala/oosets/TweetSet1.scala.scala"
    },
    "buildTarget": {
      "uri": "file:/C:/DeV/oosets/?id\u003doosets"
    },
    "diagnostics": [
      {
        "range": {
          "start": {
            "line": 0,
            "character": 0
          },
          "end": {
            "line": 0,
            "character": 0
          }
        },
        "severity": 3,
        "source": "bloop",
        "message": "\nFound names but no class, trait or object is defined in the compilation unit.\nThe incremental compiler cannot record the dependency information in such case.\nSome errors like unused import referring to a non-existent class might not be reported.\n    "
      }
    ],
    "reset": true
  }
}
java.lang.RuntimeException: java.lang.reflect.InvocationTargetException
	at org.eclipse.lsp4j.jsonrpc.services.GenericEndpoint.lambda$null$0(GenericEndpoint.java:67)
	at org.eclipse.lsp4j.jsonrpc.services.GenericEndpoint.notify(GenericEndpoint.java:152)
	at org.eclipse.lsp4j.jsonrpc.RemoteEndpoint.handleNotification(RemoteEndpoint.java:220)
	at org.eclipse.lsp4j.jsonrpc.RemoteEndpoint.consume(RemoteEndpoint.java:187)
	at org.eclipse.lsp4j.jsonrpc.json.StreamMessageProducer.handleMessage(StreamMessageProducer.java:194)
	at org.eclipse.lsp4j.jsonrpc.json.StreamMessageProducer.listen(StreamMessageProducer.java:94)
	at org.eclipse.lsp4j.jsonrpc.json.ConcurrentMessageProcessor.run(ConcurrentMessageProcessor.java:113)
	at java.base/java.util.concurrent.Executors$RunnableAdapter.call(Executors.java:515)
	at java.base/java.util.concurrent.FutureTask.run(FutureTask.java:264)
	at java.base/java.util.concurrent.ThreadPoolExecutor.runWorker(ThreadPoolExecutor.java:1128)
	at java.base/java.util.concurrent.ThreadPoolExecutor$Worker.run(ThreadPoolExecutor.java:628)
	at java.base/java.lang.Thread.run(Thread.java:834)
Caused by: java.lang.reflect.InvocationTargetException
	at jdk.internal.reflect.GeneratedMethodAccessor18.invoke(Unknown Source)
	at java.base/jdk.internal.reflect.DelegatingMethodAccessorImpl.invoke(DelegatingMethodAccessorImpl.java:43)
	at java.base/java.lang.reflect.Method.invoke(Method.java:566)
	at org.eclipse.lsp4j.jsonrpc.services.GenericEndpoint.lambda$null$0(GenericEndpoint.java:65)
	... 11 more
Caused by: java.nio.file.NoSuchFileException: C:\DeV\oosets\src\main\scala\oosets\TweetSet1.scala.scala
	at java.base/sun.nio.fs.WindowsException.translateToIOException(WindowsException.java:85)
	at java.base/sun.nio.fs.WindowsException.rethrowAsIOException(WindowsException.java:103)
	at java.base/sun.nio.fs.WindowsException.rethrowAsIOException(WindowsException.java:108)
	at java.base/sun.nio.fs.WindowsFileSystemProvider.newByteChannel(WindowsFileSystemProvider.java:235)
	at java.base/java.nio.file.Files.newByteChannel(Files.java:371)
	at java.base/java.nio.file.Files.newByteChannel(Files.java:422)
	at java.base/java.nio.file.Files.readAllBytes(Files.java:3206)
	at scala.meta.internal.io.PlatformFileIO$.slurp(PlatformFileIO.scala:45)
	at scala.meta.internal.io.FileIO$.slurp(FileIO.scala:24)
	at scala.meta.internal.mtags.CommonMtagsEnrichments$XtensionAbsolutePath.toInput(CommonMtagsEnrichments.scala:568)
	at scala.meta.internal.metals.Diagnostics.onPublishDiagnostics(Diagnostics.scala:166)
	at scala.meta.internal.metals.Diagnostics.onBuildPublishDiagnostics(Diagnostics.scala:146)
	at scala.meta.internal.metals.clients.language.ForwardingMetalsBuildClient.onBuildPublishDiagnostics(ForwardingMetalsBuildClient.scala:109)
	... 15 more

2023.03.24 22:54:55 INFO  compiling oosets (1 scala source)
2023.03.24 22:54:55 INFO  time: compiled oosets in 0.49s
2023.03.24 22:55:07 INFO  compiling oosets (1 scala source)
2023.03.24 22:55:07 INFO  time: compiled oosets in 0.16s
2023.03.24 22:55:24 INFO  compiling oosets (2 scala sources)
2023.03.24 22:55:24 INFO  time: compiled oosets in 0.2s
2023.03.24 22:55:35 INFO  compiling oosets (1 scala source)
2023.03.24 22:55:37 INFO  time: compiled oosets in 2.21s
2023.03.24 23:02:15 INFO  Shutting down server
2023.03.24 23:02:15 INFO  shutting down Metals
2023.03.24 23:02:16 INFO  Shut down connection with build server.
2023.03.24 23:02:16 INFO  Shut down connection with build server.
2023.03.24 23:02:15 INFO  Exiting server
2023.03.25 16:44:57 INFO  Started: Metals version 0.11.11 in workspace 'C:\DeV\oosets' for client Visual Studio Code 1.76.2.
SLF4J: No SLF4J providers were found.
SLF4J: Defaulting to no-operation (NOP) logger implementation
SLF4J: See https://www.slf4j.org/codes.html#noProviders for further details.
SLF4J: Class path contains SLF4J bindings targeting slf4j-api versions 1.7.x or earlier.
SLF4J: Ignoring binding found at [jar:file:/C:/Users/crdne/AppData/Local/Coursier/cache/v1/https/repo1.maven.org/maven2/com/outr/scribe-slf4j_2.13/3.11.0/scribe-slf4j_2.13-3.11.0.jar!/org/slf4j/impl/StaticLoggerBinder.class]
SLF4J: See https://www.slf4j.org/codes.html#ignoredBindings for an explanation.
2023.03.25 16:44:58 INFO  time: initialize in 1.35s
2023.03.25 16:45:00 INFO  Attempting to connect to the build server...
2023.03.25 16:45:00 INFO  Bloop uses C:\Java\jdk-11.0.18 defined at C:\Users\crdne\.bloop\bloop.json
2023.03.25 16:45:00 INFO  skipping build import with status 'Installed'
2023.03.25 16:45:05 INFO  tracing is disabled for protocol BSP, to enable tracing of incoming and outgoing JSON messages create an empty file at C:\DeV\oosets\.metals\bsp.trace.json or C:\Users\crdne\AppData\Local\scalameta\metals\cache\bsp.trace.json
2023.03.25 16:45:05 INFO  Attempting to connect to the build server...
2023.03.25 16:45:05 INFO  Bloop uses C:\Java\jdk-11.0.18 defined at C:\Users\crdne\.bloop\bloop.json
2023.03.25 16:45:05 INFO  tracing is disabled for protocol BSP, to enable tracing of incoming and outgoing JSON messages create an empty file at C:\DeV\oosets\project\.metals\bsp.trace.json or C:\Users\crdne\AppData\Local\scalameta\metals\cache\bsp.trace.json
2023.03.25 16:45:05 INFO  time: Connected to build server in 5.85s
2023.03.25 16:45:05 INFO  Connected to Build server: Bloop v1.5.6
2023.03.25 16:45:06 INFO  time: Imported build in 0.22s
2023.03.25 16:45:13 INFO  time: indexed workspace in 6.97s
Mar 25, 2023 4:45:14 PM org.eclipse.lsp4j.jsonrpc.RemoteEndpoint handleNotification
WARNING: Notification threw an exception: {
  "jsonrpc": "2.0",
  "method": "build/publishDiagnostics",
  "params": {
    "textDocument": {
      "uri": "file:///C:/DeV/oosets/src/main/scala/oosets/TweetSet1.scala.scala"
    },
    "buildTarget": {
      "uri": "file:/C:/DeV/oosets/?id\u003doosets"
    },
    "diagnostics": [
      {
        "range": {
          "start": {
            "line": 0,
            "character": 0
          },
          "end": {
            "line": 0,
            "character": 0
          }
        },
        "severity": 3,
        "source": "bloop",
        "message": "\nFound names but no class, trait or object is defined in the compilation unit.\nThe incremental compiler cannot record the dependency information in such case.\nSome errors like unused import referring to a non-existent class might not be reported.\n    "
      }
    ],
    "reset": true
  }
}
java.lang.RuntimeException: java.lang.reflect.InvocationTargetException
	at org.eclipse.lsp4j.jsonrpc.services.GenericEndpoint.lambda$null$0(GenericEndpoint.java:67)
	at org.eclipse.lsp4j.jsonrpc.services.GenericEndpoint.notify(GenericEndpoint.java:152)
	at org.eclipse.lsp4j.jsonrpc.RemoteEndpoint.handleNotification(RemoteEndpoint.java:220)
	at org.eclipse.lsp4j.jsonrpc.RemoteEndpoint.consume(RemoteEndpoint.java:187)
	at org.eclipse.lsp4j.jsonrpc.json.StreamMessageProducer.handleMessage(StreamMessageProducer.java:194)
	at org.eclipse.lsp4j.jsonrpc.json.StreamMessageProducer.listen(StreamMessageProducer.java:94)
	at org.eclipse.lsp4j.jsonrpc.json.ConcurrentMessageProcessor.run(ConcurrentMessageProcessor.java:113)
	at java.base/java.util.concurrent.Executors$RunnableAdapter.call(Executors.java:515)
	at java.base/java.util.concurrent.FutureTask.run(FutureTask.java:264)
	at java.base/java.util.concurrent.ThreadPoolExecutor.runWorker(ThreadPoolExecutor.java:1128)
	at java.base/java.util.concurrent.ThreadPoolExecutor$Worker.run(ThreadPoolExecutor.java:628)
	at java.base/java.lang.Thread.run(Thread.java:834)
Caused by: java.lang.reflect.InvocationTargetException
	at java.base/jdk.internal.reflect.NativeMethodAccessorImpl.invoke0(Native Method)
	at java.base/jdk.internal.reflect.NativeMethodAccessorImpl.invoke(NativeMethodAccessorImpl.java:62)
	at java.base/jdk.internal.reflect.DelegatingMethodAccessorImpl.invoke(DelegatingMethodAccessorImpl.java:43)
	at java.base/java.lang.reflect.Method.invoke(Method.java:566)
	at org.eclipse.lsp4j.jsonrpc.services.GenericEndpoint.lambda$null$0(GenericEndpoint.java:65)
	... 11 more
Caused by: java.nio.file.NoSuchFileException: C:\DeV\oosets\src\main\scala\oosets\TweetSet1.scala.scala
	at java.base/sun.nio.fs.WindowsException.translateToIOException(WindowsException.java:85)
	at java.base/sun.nio.fs.WindowsException.rethrowAsIOException(WindowsException.java:103)
	at java.base/sun.nio.fs.WindowsException.rethrowAsIOException(WindowsException.java:108)
	at java.base/sun.nio.fs.WindowsFileSystemProvider.newByteChannel(WindowsFileSystemProvider.java:235)
	at java.base/java.nio.file.Files.newByteChannel(Files.java:371)
	at java.base/java.nio.file.Files.newByteChannel(Files.java:422)
	at java.base/java.nio.file.Files.readAllBytes(Files.java:3206)
	at scala.meta.internal.io.PlatformFileIO$.slurp(PlatformFileIO.scala:45)
	at scala.meta.internal.io.FileIO$.slurp(FileIO.scala:24)
	at scala.meta.internal.mtags.CommonMtagsEnrichments$XtensionAbsolutePath.toInput(CommonMtagsEnrichments.scala:568)
	at scala.meta.internal.metals.Diagnostics.onPublishDiagnostics(Diagnostics.scala:166)
	at scala.meta.internal.metals.Diagnostics.onBuildPublishDiagnostics(Diagnostics.scala:146)
	at scala.meta.internal.metals.clients.language.ForwardingMetalsBuildClient.onBuildPublishDiagnostics(ForwardingMetalsBuildClient.scala:109)
	... 16 more

Mar 25, 2023 4:45:14 PM org.eclipse.lsp4j.jsonrpc.RemoteEndpoint handleNotification
WARNING: Notification threw an exception: {
  "jsonrpc": "2.0",
  "method": "build/publishDiagnostics",
  "params": {
    "textDocument": {
      "uri": "file:///C:/DeV/oosets/src/main/scala/oosets/TweetScala1.scala"
    },
    "buildTarget": {
      "uri": "file:/C:/DeV/oosets/?id\u003doosets"
    },
    "diagnostics": [
      {
        "range": {
          "start": {
            "line": 0,
            "character": 0
          },
          "end": {
            "line": 0,
            "character": 0
          }
        },
        "severity": 3,
        "source": "bloop",
        "message": "\nFound names but no class, trait or object is defined in the compilation unit.\nThe incremental compiler cannot record the dependency information in such case.\nSome errors like unused import referring to a non-existent class might not be reported.\n    "
      }
    ],
    "reset": true
  }
}
java.lang.RuntimeException: java.lang.reflect.InvocationTargetException
	at org.eclipse.lsp4j.jsonrpc.services.GenericEndpoint.lambda$null$0(GenericEndpoint.java:67)
	at org.eclipse.lsp4j.jsonrpc.services.GenericEndpoint.notify(GenericEndpoint.java:152)
	at org.eclipse.lsp4j.jsonrpc.RemoteEndpoint.handleNotification(RemoteEndpoint.java:220)
	at org.eclipse.lsp4j.jsonrpc.RemoteEndpoint.consume(RemoteEndpoint.java:187)
	at org.eclipse.lsp4j.jsonrpc.json.StreamMessageProducer.handleMessage(StreamMessageProducer.java:194)
	at org.eclipse.lsp4j.jsonrpc.json.StreamMessageProducer.listen(StreamMessageProducer.java:94)
	at org.eclipse.lsp4j.jsonrpc.json.ConcurrentMessageProcessor.run(ConcurrentMessageProcessor.java:113)
	at java.base/java.util.concurrent.Executors$RunnableAdapter.call(Executors.java:515)
	at java.base/java.util.concurrent.FutureTask.run(FutureTask.java:264)
	at java.base/java.util.concurrent.ThreadPoolExecutor.runWorker(ThreadPoolExecutor.java:1128)
	at java.base/java.util.concurrent.ThreadPoolExecutor$Worker.run(ThreadPoolExecutor.java:628)
	at java.base/java.lang.Thread.run(Thread.java:834)
Caused by: java.lang.reflect.InvocationTargetException
	at java.base/jdk.internal.reflect.NativeMethodAccessorImpl.invoke0(Native Method)
	at java.base/jdk.internal.reflect.NativeMethodAccessorImpl.invoke(NativeMethodAccessorImpl.java:62)
	at java.base/jdk.internal.reflect.DelegatingMethodAccessorImpl.invoke(DelegatingMethodAccessorImpl.java:43)
	at java.base/java.lang.reflect.Method.invoke(Method.java:566)
	at org.eclipse.lsp4j.jsonrpc.services.GenericEndpoint.lambda$null$0(GenericEndpoint.java:65)
	... 11 more
Caused by: java.nio.file.NoSuchFileException: C:\DeV\oosets\src\main\scala\oosets\TweetScala1.scala
	at java.base/sun.nio.fs.WindowsException.translateToIOException(WindowsException.java:85)
	at java.base/sun.nio.fs.WindowsException.rethrowAsIOException(WindowsException.java:103)
	at java.base/sun.nio.fs.WindowsException.rethrowAsIOException(WindowsException.java:108)
	at java.base/sun.nio.fs.WindowsFileSystemProvider.newByteChannel(WindowsFileSystemProvider.java:235)
	at java.base/java.nio.file.Files.newByteChannel(Files.java:371)
	at java.base/java.nio.file.Files.newByteChannel(Files.java:422)
	at java.base/java.nio.file.Files.readAllBytes(Files.java:3206)
	at scala.meta.internal.io.PlatformFileIO$.slurp(PlatformFileIO.scala:45)
	at scala.meta.internal.io.FileIO$.slurp(FileIO.scala:24)
	at scala.meta.internal.mtags.CommonMtagsEnrichments$XtensionAbsolutePath.toInput(CommonMtagsEnrichments.scala:568)
	at scala.meta.internal.metals.Diagnostics.onPublishDiagnostics(Diagnostics.scala:166)
	at scala.meta.internal.metals.Diagnostics.onBuildPublishDiagnostics(Diagnostics.scala:146)
	at scala.meta.internal.metals.clients.language.ForwardingMetalsBuildClient.onBuildPublishDiagnostics(ForwardingMetalsBuildClient.scala:109)
	... 16 more

2023.03.25 16:51:44 INFO  Shutting down server
2023.03.25 16:51:44 INFO  shutting down Metals
2023.03.25 16:51:44 INFO  Shut down connection with build server.
2023.03.25 16:51:44 INFO  Shut down connection with build server.
2023.03.25 16:51:44 INFO  Exiting server
2023.03.26 17:10:15 INFO  Started: Metals version 0.11.11 in workspace 'C:\DeV\oosets' for client Visual Studio Code 1.76.2.
SLF4J: No SLF4J providers were found.
SLF4J: Defaulting to no-operation (NOP) logger implementation
SLF4J: See https://www.slf4j.org/codes.html#noProviders for further details.
SLF4J: Class path contains SLF4J bindings targeting slf4j-api versions 1.7.x or earlier.
SLF4J: Ignoring binding found at [jar:file:/C:/Users/crdne/AppData/Local/Coursier/cache/v1/https/repo1.maven.org/maven2/com/outr/scribe-slf4j_2.13/3.11.0/scribe-slf4j_2.13-3.11.0.jar!/org/slf4j/impl/StaticLoggerBinder.class]
SLF4J: See https://www.slf4j.org/codes.html#ignoredBindings for an explanation.
2023.03.26 17:10:16 INFO  time: initialize in 0.62s
2023.03.26 17:10:17 INFO  Attempting to connect to the build server...
2023.03.26 17:10:17 INFO  Bloop uses C:\Java\jdk-11.0.18 defined at C:\Users\crdne\.bloop\bloop.json
2023.03.26 17:10:17 INFO  skipping build import with status 'Installed'
2023.03.26 17:10:22 INFO  tracing is disabled for protocol BSP, to enable tracing of incoming and outgoing JSON messages create an empty file at C:\DeV\oosets\.metals\bsp.trace.json or C:\Users\crdne\AppData\Local\scalameta\metals\cache\bsp.trace.json
2023.03.26 17:10:22 INFO  no build target found for C:\DeV\oosets\src\main\scala\oosets\TweetSet.scala. Using presentation compiler with project's scala-library version: 3.2.2
2023.03.26 17:10:22 INFO  Attempting to connect to the build server...
2023.03.26 17:10:22 INFO  Bloop uses C:\Java\jdk-11.0.18 defined at C:\Users\crdne\.bloop\bloop.json
2023.03.26 17:10:22 INFO  tracing is disabled for protocol BSP, to enable tracing of incoming and outgoing JSON messages create an empty file at C:\DeV\oosets\project\.metals\bsp.trace.json or C:\Users\crdne\AppData\Local\scalameta\metals\cache\bsp.trace.json
2023.03.26 17:10:22 INFO  time: Connected to build server in 5.72s
2023.03.26 17:10:22 INFO  Connected to Build server: Bloop v1.5.6
2023.03.26 17:10:22 INFO  time: code lens generation in 4.9s
2023.03.26 17:10:23 INFO  time: Imported build in 0.21s
2023.03.26 17:10:25 INFO  Shutting down server
2023.03.26 17:10:25 INFO  shutting down Metals
2023.03.26 17:10:25 INFO  Shut down connection with build server.
2023.03.26 17:10:25 INFO  Shut down connection with build server.
2023.03.26 17:10:25 INFO  Exiting server
2023.03.27 15:53:39 INFO  Started: Metals version 0.11.11 in workspace 'C:\DeV\oosets' for client Visual Studio Code 1.76.2.
SLF4J: No SLF4J providers were found.
SLF4J: Defaulting to no-operation (NOP) logger implementation
SLF4J: See https://www.slf4j.org/codes.html#noProviders for further details.
SLF4J: Class path contains SLF4J bindings targeting slf4j-api versions 1.7.x or earlier.
SLF4J: Ignoring binding found at [jar:file:/C:/Users/crdne/AppData/Local/Coursier/cache/v1/https/repo1.maven.org/maven2/com/outr/scribe-slf4j_2.13/3.11.0/scribe-slf4j_2.13-3.11.0.jar!/org/slf4j/impl/StaticLoggerBinder.class]
SLF4J: See https://www.slf4j.org/codes.html#ignoredBindings for an explanation.
2023.03.27 15:53:40 INFO  time: initialize in 0.56s
2023.03.27 15:53:42 INFO  Attempting to connect to the build server...
2023.03.27 15:53:42 INFO  Bloop uses C:\Java\jdk-11.0.18 defined at C:\Users\crdne\.bloop\bloop.json
2023.03.27 15:53:42 INFO  skipping build import with status 'Installed'
2023.03.27 15:53:42 INFO  tracing is disabled for protocol BSP, to enable tracing of incoming and outgoing JSON messages create an empty file at C:\DeV\oosets\.metals\bsp.trace.json or C:\Users\crdne\AppData\Local\scalameta\metals\cache\bsp.trace.json
2023.03.27 15:53:42 INFO  Attempting to connect to the build server...
2023.03.27 15:53:42 INFO  Bloop uses C:\Java\jdk-11.0.18 defined at C:\Users\crdne\.bloop\bloop.json
2023.03.27 15:53:42 INFO  tracing is disabled for protocol BSP, to enable tracing of incoming and outgoing JSON messages create an empty file at C:\DeV\oosets\project\.metals\bsp.trace.json or C:\Users\crdne\AppData\Local\scalameta\metals\cache\bsp.trace.json
2023.03.27 15:53:42 INFO  time: Connected to build server in 0.47s
2023.03.27 15:53:42 INFO  Connected to Build server: Bloop v1.5.6
2023.03.27 15:53:46 INFO  no build target found for C:\DeV\oosets\src\main\scala\oosets\TweetSet.scala. Using presentation compiler with project's scala-library version: 3.2.2
2023.03.27 15:53:46 INFO  time: code lens generation in 4.78s
2023.03.27 15:53:46 INFO  time: Imported build in 0.16s
2023.03.27 15:53:52 INFO  time: indexed workspace in 4.81s
Mar 27, 2023 3:53:53 PM org.eclipse.lsp4j.jsonrpc.RemoteEndpoint handleNotification
WARNING: Notification threw an exception: {
  "jsonrpc": "2.0",
  "method": "build/publishDiagnostics",
  "params": {
    "textDocument": {
      "uri": "file:///C:/DeV/oosets/src/main/scala/oosets/TweetSet1.scala.scala"
    },
    "buildTarget": {
      "uri": "file:/C:/DeV/oosets/?id\u003doosets"
    },
    "diagnostics": [
      {
        "range": {
          "start": {
            "line": 0,
            "character": 0
          },
          "end": {
            "line": 0,
            "character": 0
          }
        },
        "severity": 3,
        "source": "bloop",
        "message": "\nFound names but no class, trait or object is defined in the compilation unit.\nThe incremental compiler cannot record the dependency information in such case.\nSome errors like unused import referring to a non-existent class might not be reported.\n    "
      }
    ],
    "reset": true
  }
}
java.lang.RuntimeException: java.lang.reflect.InvocationTargetException
	at org.eclipse.lsp4j.jsonrpc.services.GenericEndpoint.lambda$null$0(GenericEndpoint.java:67)
	at org.eclipse.lsp4j.jsonrpc.services.GenericEndpoint.notify(GenericEndpoint.java:152)
	at org.eclipse.lsp4j.jsonrpc.RemoteEndpoint.handleNotification(RemoteEndpoint.java:220)
	at org.eclipse.lsp4j.jsonrpc.RemoteEndpoint.consume(RemoteEndpoint.java:187)
	at org.eclipse.lsp4j.jsonrpc.json.StreamMessageProducer.handleMessage(StreamMessageProducer.java:194)
	at org.eclipse.lsp4j.jsonrpc.json.StreamMessageProducer.listen(StreamMessageProducer.java:94)
	at org.eclipse.lsp4j.jsonrpc.json.ConcurrentMessageProcessor.run(ConcurrentMessageProcessor.java:113)
	at java.base/java.util.concurrent.Executors$RunnableAdapter.call(Executors.java:515)
	at java.base/java.util.concurrent.FutureTask.run(FutureTask.java:264)
	at java.base/java.util.concurrent.ThreadPoolExecutor.runWorker(ThreadPoolExecutor.java:1128)
	at java.base/java.util.concurrent.ThreadPoolExecutor$Worker.run(ThreadPoolExecutor.java:628)
	at java.base/java.lang.Thread.run(Thread.java:834)
Caused by: java.lang.reflect.InvocationTargetException
	at java.base/jdk.internal.reflect.NativeMethodAccessorImpl.invoke0(Native Method)
	at java.base/jdk.internal.reflect.NativeMethodAccessorImpl.invoke(NativeMethodAccessorImpl.java:62)
	at java.base/jdk.internal.reflect.DelegatingMethodAccessorImpl.invoke(DelegatingMethodAccessorImpl.java:43)
	at java.base/java.lang.reflect.Method.invoke(Method.java:566)
	at org.eclipse.lsp4j.jsonrpc.services.GenericEndpoint.lambda$null$0(GenericEndpoint.java:65)
	... 11 more
Caused by: java.nio.file.NoSuchFileException: C:\DeV\oosets\src\main\scala\oosets\TweetSet1.scala.scala
	at java.base/sun.nio.fs.WindowsException.translateToIOException(WindowsException.java:85)
	at java.base/sun.nio.fs.WindowsException.rethrowAsIOException(WindowsException.java:103)
	at java.base/sun.nio.fs.WindowsException.rethrowAsIOException(WindowsException.java:108)
	at java.base/sun.nio.fs.WindowsFileSystemProvider.newByteChannel(WindowsFileSystemProvider.java:235)
	at java.base/java.nio.file.Files.newByteChannel(Files.java:371)
	at java.base/java.nio.file.Files.newByteChannel(Files.java:422)
	at java.base/java.nio.file.Files.readAllBytes(Files.java:3206)
	at scala.meta.internal.io.PlatformFileIO$.slurp(PlatformFileIO.scala:45)
	at scala.meta.internal.io.FileIO$.slurp(FileIO.scala:24)
	at scala.meta.internal.mtags.CommonMtagsEnrichments$XtensionAbsolutePath.toInput(CommonMtagsEnrichments.scala:568)
	at scala.meta.internal.metals.Diagnostics.onPublishDiagnostics(Diagnostics.scala:166)
	at scala.meta.internal.metals.Diagnostics.onBuildPublishDiagnostics(Diagnostics.scala:146)
	at scala.meta.internal.metals.clients.language.ForwardingMetalsBuildClient.onBuildPublishDiagnostics(ForwardingMetalsBuildClient.scala:109)
	... 16 more

Mar 27, 2023 3:53:53 PM org.eclipse.lsp4j.jsonrpc.RemoteEndpoint handleNotification
WARNING: Notification threw an exception: {
  "jsonrpc": "2.0",
  "method": "build/publishDiagnostics",
  "params": {
    "textDocument": {
      "uri": "file:///C:/DeV/oosets/src/main/scala/oosets/TweetScala1.scala"
    },
    "buildTarget": {
      "uri": "file:/C:/DeV/oosets/?id\u003doosets"
    },
    "diagnostics": [
      {
        "range": {
          "start": {
            "line": 0,
            "character": 0
          },
          "end": {
            "line": 0,
            "character": 0
          }
        },
        "severity": 3,
        "source": "bloop",
        "message": "\nFound names but no class, trait or object is defined in the compilation unit.\nThe incremental compiler cannot record the dependency information in such case.\nSome errors like unused import referring to a non-existent class might not be reported.\n    "
      }
    ],
    "reset": true
  }
}
java.lang.RuntimeException: java.lang.reflect.InvocationTargetException
	at org.eclipse.lsp4j.jsonrpc.services.GenericEndpoint.lambda$null$0(GenericEndpoint.java:67)
	at org.eclipse.lsp4j.jsonrpc.services.GenericEndpoint.notify(GenericEndpoint.java:152)
	at org.eclipse.lsp4j.jsonrpc.RemoteEndpoint.handleNotification(RemoteEndpoint.java:220)
	at org.eclipse.lsp4j.jsonrpc.RemoteEndpoint.consume(RemoteEndpoint.java:187)
	at org.eclipse.lsp4j.jsonrpc.json.StreamMessageProducer.handleMessage(StreamMessageProducer.java:194)
	at org.eclipse.lsp4j.jsonrpc.json.StreamMessageProducer.listen(StreamMessageProducer.java:94)
	at org.eclipse.lsp4j.jsonrpc.json.ConcurrentMessageProcessor.run(ConcurrentMessageProcessor.java:113)
	at java.base/java.util.concurrent.Executors$RunnableAdapter.call(Executors.java:515)
	at java.base/java.util.concurrent.FutureTask.run(FutureTask.java:264)
	at java.base/java.util.concurrent.ThreadPoolExecutor.runWorker(ThreadPoolExecutor.java:1128)
	at java.base/java.util.concurrent.ThreadPoolExecutor$Worker.run(ThreadPoolExecutor.java:628)
	at java.base/java.lang.Thread.run(Thread.java:834)
Caused by: java.lang.reflect.InvocationTargetException
	at java.base/jdk.internal.reflect.NativeMethodAccessorImpl.invoke0(Native Method)
	at java.base/jdk.internal.reflect.NativeMethodAccessorImpl.invoke(NativeMethodAccessorImpl.java:62)
	at java.base/jdk.internal.reflect.DelegatingMethodAccessorImpl.invoke(DelegatingMethodAccessorImpl.java:43)
	at java.base/java.lang.reflect.Method.invoke(Method.java:566)
	at org.eclipse.lsp4j.jsonrpc.services.GenericEndpoint.lambda$null$0(GenericEndpoint.java:65)
	... 11 more
Caused by: java.nio.file.NoSuchFileException: C:\DeV\oosets\src\main\scala\oosets\TweetScala1.scala
	at java.base/sun.nio.fs.WindowsException.translateToIOException(WindowsException.java:85)
	at java.base/sun.nio.fs.WindowsException.rethrowAsIOException(WindowsException.java:103)
	at java.base/sun.nio.fs.WindowsException.rethrowAsIOException(WindowsException.java:108)
	at java.base/sun.nio.fs.WindowsFileSystemProvider.newByteChannel(WindowsFileSystemProvider.java:235)
	at java.base/java.nio.file.Files.newByteChannel(Files.java:371)
	at java.base/java.nio.file.Files.newByteChannel(Files.java:422)
	at java.base/java.nio.file.Files.readAllBytes(Files.java:3206)
	at scala.meta.internal.io.PlatformFileIO$.slurp(PlatformFileIO.scala:45)
	at scala.meta.internal.io.FileIO$.slurp(FileIO.scala:24)
	at scala.meta.internal.mtags.CommonMtagsEnrichments$XtensionAbsolutePath.toInput(CommonMtagsEnrichments.scala:568)
	at scala.meta.internal.metals.Diagnostics.onPublishDiagnostics(Diagnostics.scala:166)
	at scala.meta.internal.metals.Diagnostics.onBuildPublishDiagnostics(Diagnostics.scala:146)
	at scala.meta.internal.metals.clients.language.ForwardingMetalsBuildClient.onBuildPublishDiagnostics(ForwardingMetalsBuildClient.scala:109)
	... 16 more

2023.03.27 19:54:16 INFO  Shutting down server
2023.03.27 19:54:16 INFO  shutting down Metals
2023.03.27 19:54:16 INFO  Shut down connection with build server.
2023.03.27 19:54:16 INFO  Shut down connection with build server.
2023.03.27 19:54:16 INFO  Exiting server
