[0m[[0m[0mdebug[0m] [0m[0m> Exec(;Test/compile; collectAnalyses, None, Some(CommandSource(network-1)))[0m
[0m[[0m[0mdebug[0m] [0m[0munmatched Processing event for requestId None: None[0m
[0m[[0m[0mdebug[0m] [0m[0munmatched Done event for requestId None: None[0m
[0m[[0m[0mdebug[0m] [0m[0m> Exec(Test/compile, None, Some(CommandSource(network-1)))[0m
[0m[[0m[0mdebug[0m] [0m[0munmatched Processing event for requestId None: None[0m
[0m[[0m[0mdebug[0m] [0m[0mEvaluating tasks: Test / compile[0m
[0m[[0m[0mdebug[0m] [0m[0mRunning task... Cancel: Signal, check cycles: false, forcegc: true[0m
[0m[[0m[0mdebug[0m] [0m[0mjsonRpcNotify: JsonRpcNotificationMessage(2.0, build/taskStart, {"taskId":{"id":"29","parents":[]},"eventTime":1682032588097,"message":"Compiling wikipedia","dataKind":"compile-task","data":{"target":{"uri":"file:/C:/DeV/ScalaProjects/wikipedia/#wikipedia/Compile"}}})[0m
[0m[[0m[0minfo[0m] [0m[0mcompiling 1 Scala source to C:\DeV\ScalaProjects\wikipedia\target\scala-2.13\classes ...[0m
[0m[[0m[0mdebug[0m] [0m[0mjsonRpcNotify: JsonRpcNotificationMessage(2.0, build/logMessage, {"type":3,"message":"compiling 1 Scala source to C:\\DeV\\ScalaProjects\\wikipedia\\target\\scala-2.13\\classes ..."})[0m
[0m[[0m[0mdebug[0m] [0m[0mjsonRpcNotify: JsonRpcNotificationMessage(2.0, build/taskProgress, {"taskId":{"id":"29","parents":[]},"eventTime":1682032588561,"message":"Compiling wikipedia (15%)","total":26,"progress":15,"dataKind":"compile-progress","data":{"target":{"uri":"file:/C:/DeV/ScalaProjects/wikipedia/#wikipedia/Compile"}}})[0m
[0m[[0m[0mdebug[0m] [0m[0mjsonRpcNotify: JsonRpcNotificationMessage(2.0, build/taskProgress, {"taskId":{"id":"29","parents":[]},"eventTime":1682032588562,"message":"Compiling wikipedia (15%)","total":26,"progress":15,"dataKind":"compile-progress","data":{"target":{"uri":"file:/C:/DeV/ScalaProjects/wikipedia/#wikipedia/Compile"}}})[0m
[0m[[0m[0mdebug[0m] [0m[0mjsonRpcNotify: JsonRpcNotificationMessage(2.0, build/taskProgress, {"taskId":{"id":"29","parents":[]},"eventTime":1682032588606,"message":"Compiling wikipedia (30%)","total":26,"progress":30,"dataKind":"compile-progress","data":{"target":{"uri":"file:/C:/DeV/ScalaProjects/wikipedia/#wikipedia/Compile"}}})[0m
[0m[[0m[0mdebug[0m] [0m[0mjsonRpcNotify: JsonRpcNotificationMessage(2.0, build/taskProgress, {"taskId":{"id":"29","parents":[]},"eventTime":1682032588607,"message":"Compiling wikipedia (30%)","total":26,"progress":30,"dataKind":"compile-progress","data":{"target":{"uri":"file:/C:/DeV/ScalaProjects/wikipedia/#wikipedia/Compile"}}})[0m
[0m[[0m[0mdebug[0m] [0m[0mjsonRpcNotify: JsonRpcNotificationMessage(2.0, build/taskProgress, {"taskId":{"id":"29","parents":[]},"eventTime":1682032588664,"message":"Compiling wikipedia (50%)","total":26,"progress":50,"dataKind":"compile-progress","data":{"target":{"uri":"file:/C:/DeV/ScalaProjects/wikipedia/#wikipedia/Compile"}}})[0m
[0m[[0m[0mdebug[0m] [0m[0mjsonRpcNotify: JsonRpcNotificationMessage(2.0, build/taskProgress, {"taskId":{"id":"29","parents":[]},"eventTime":1682032588664,"message":"Compiling wikipedia (50%)","total":26,"progress":50,"dataKind":"compile-progress","data":{"target":{"uri":"file:/C:/DeV/ScalaProjects/wikipedia/#wikipedia/Compile"}}})[0m
[0m[[0m[0mdebug[0m] [0m[0mjsonRpcNotify: JsonRpcNotificationMessage(2.0, build/taskProgress, {"taskId":{"id":"29","parents":[]},"eventTime":1682032588760,"message":"Compiling wikipedia (65%)","total":26,"progress":65,"dataKind":"compile-progress","data":{"target":{"uri":"file:/C:/DeV/ScalaProjects/wikipedia/#wikipedia/Compile"}}})[0m
[0m[[0m[0mdebug[0m] [0m[0mjsonRpcNotify: JsonRpcNotificationMessage(2.0, build/taskProgress, {"taskId":{"id":"29","parents":[]},"eventTime":1682032588761,"message":"Compiling wikipedia (65%)","total":26,"progress":65,"dataKind":"compile-progress","data":{"target":{"uri":"file:/C:/DeV/ScalaProjects/wikipedia/#wikipedia/Compile"}}})[0m
[0m[[0m[0mdebug[0m] [0m[0mjsonRpcNotify: JsonRpcNotificationMessage(2.0, build/taskProgress, {"taskId":{"id":"29","parents":[]},"eventTime":1682032588773,"message":"Compiling wikipedia (80%)","total":26,"progress":80,"dataKind":"compile-progress","data":{"target":{"uri":"file:/C:/DeV/ScalaProjects/wikipedia/#wikipedia/Compile"}}})[0m
[0m[[0m[0mdebug[0m] [0m[0mjsonRpcNotify: JsonRpcNotificationMessage(2.0, build/taskProgress, {"taskId":{"id":"29","parents":[]},"eventTime":1682032588773,"message":"Compiling wikipedia (80%)","total":26,"progress":80,"dataKind":"compile-progress","data":{"target":{"uri":"file:/C:/DeV/ScalaProjects/wikipedia/#wikipedia/Compile"}}})[0m
[0m[[0m[0mdebug[0m] [0m[0mjsonRpcNotify: JsonRpcNotificationMessage(2.0, build/taskProgress, {"taskId":{"id":"29","parents":[]},"eventTime":1682032588850,"message":"Compiling wikipedia (100%)","total":26,"progress":100,"dataKind":"compile-progress","data":{"target":{"uri":"file:/C:/DeV/ScalaProjects/wikipedia/#wikipedia/Compile"}}})[0m
[0m[[0m[0mdebug[0m] [0m[0mjsonRpcNotify: JsonRpcNotificationMessage(2.0, build/taskProgress, {"taskId":{"id":"29","parents":[]},"eventTime":1682032588850,"message":"Compiling wikipedia (100%)","total":26,"progress":100,"dataKind":"compile-progress","data":{"target":{"uri":"file:/C:/DeV/ScalaProjects/wikipedia/#wikipedia/Compile"}}})[0m
[0m[[0m[0mdebug[0m] [0m[0mjsonRpcNotify: JsonRpcNotificationMessage(2.0, build/taskFinish, {"taskId":{"id":"29","parents":[]},"eventTime":1682032588854,"message":"Compiled wikipedia","status":1,"dataKind":"compile-report","data":{"target":{"uri":"file:/C:/DeV/ScalaProjects/wikipedia/#wikipedia/Compile"},"errors":0,"warnings":0,"time":757}})[0m
[0m[[0m[0mdebug[0m] [0m[0mjsonRpcNotify: JsonRpcNotificationMessage(2.0, build/taskStart, {"taskId":{"id":"30","parents":[]},"eventTime":1682032588868,"message":"Compiling wikipedia-test","dataKind":"compile-task","data":{"target":{"uri":"file:/C:/DeV/ScalaProjects/wikipedia/#wikipedia/Test"}}})[0m
[0m[[0m[0minfo[0m] [0m[0mcompiling 1 Scala source to C:\DeV\ScalaProjects\wikipedia\target\scala-2.13\test-classes ...[0m
[0m[[0m[0mdebug[0m] [0m[0mjsonRpcNotify: JsonRpcNotificationMessage(2.0, build/logMessage, {"type":3,"message":"compiling 1 Scala source to C:\\DeV\\ScalaProjects\\wikipedia\\target\\scala-2.13\\test-classes ..."})[0m
[0m[[0m[0mdebug[0m] [0m[0mjsonRpcNotify: JsonRpcNotificationMessage(2.0, build/publishDiagnostics, {"textDocument":{"uri":"file:///C:/DeV/ScalaProjects/wikipedia/src/test/scala/WikipediaSuite.scala"},"buildTarget":{"uri":"file:/C:/DeV/ScalaProjects/wikipedia/#wikipedia/Test"},"diagnostics":[{"range":{"start":{"line":3,"character":29},"end":{"line":3,"character":30}},"severity":1,"source":"sbt","message":"not found: value munit"}],"reset":false})[0m
[0m[[0m[31merror[0m] [0m[0mC:\DeV\ScalaProjects\wikipedia\src\test\scala\WikipediaSuite.scala:4:30: not found: value munit[0m
[0m[[0m[31merror[0m] [0m[0mclass WikipediaSuite extends munit.FunSuite {[0m
[0m[[0m[31merror[0m] [0m[0m                             ^[0m
[0m[[0m[0mdebug[0m] [0m[0mjsonRpcNotify: JsonRpcNotificationMessage(2.0, build/logMessage, {"type":1,"message":"C:\\DeV\\ScalaProjects\\wikipedia\\src\\test\\scala\\WikipediaSuite.scala:4:30: not found: value munit"})[0m
[0m[[0m[0mdebug[0m] [0m[0mjsonRpcNotify: JsonRpcNotificationMessage(2.0, build/logMessage, {"type":1,"message":"class WikipediaSuite extends munit.FunSuite {"})[0m
[0m[[0m[0mdebug[0m] [0m[0mjsonRpcNotify: JsonRpcNotificationMessage(2.0, build/logMessage, {"type":1,"message":"                             ^"})[0m
[0m[[0m[0mdebug[0m] [0m[0mjsonRpcNotify: JsonRpcNotificationMessage(2.0, build/publishDiagnostics, {"textDocument":{"uri":"file:///C:/DeV/ScalaProjects/wikipedia/src/test/scala/WikipediaSuite.scala"},"buildTarget":{"uri":"file:/C:/DeV/ScalaProjects/wikipedia/#wikipedia/Test"},"diagnostics":[{"range":{"start":{"line":89,"character":2},"end":{"line":89,"character":6}},"severity":1,"source":"sbt","message":"not found: value test"}],"reset":false})[0m
[0m[[0m[31merror[0m] [0m[0mC:\DeV\ScalaProjects\wikipedia\src\test\scala\WikipediaSuite.scala:90:3: not found: value test[0m
[0m[[0m[31merror[0m] [0m[0m  test("'occurrencesOfLang' should work for (specific) RDD with one element") {[0m
[0m[[0m[31merror[0m] [0m[0m  ^[0m
[0m[[0m[0mdebug[0m] [0m[0mjsonRpcNotify: JsonRpcNotificationMessage(2.0, build/logMessage, {"type":1,"message":"C:\\DeV\\ScalaProjects\\wikipedia\\src\\test\\scala\\WikipediaSuite.scala:90:3: not found: value test"})[0m
[0m[[0m[0mdebug[0m] [0m[0mjsonRpcNotify: JsonRpcNotificationMessage(2.0, build/logMessage, {"type":1,"message":"  test(\"'occurrencesOfLang' should work for (specific) RDD with one element\") {"})[0m
[0m[[0m[0mdebug[0m] [0m[0mjsonRpcNotify: JsonRpcNotificationMessage(2.0, build/logMessage, {"type":1,"message":"  ^"})[0m
[0m[[0m[0mdebug[0m] [0m[0mjsonRpcNotify: JsonRpcNotificationMessage(2.0, build/publishDiagnostics, {"textDocument":{"uri":"file:///C:/DeV/ScalaProjects/wikipedia/src/test/scala/WikipediaSuite.scala"},"buildTarget":{"uri":"file:/C:/DeV/ScalaProjects/wikipedia/#wikipedia/Test"},"diagnostics":[{"range":{"start":{"line":97,"character":2},"end":{"line":97,"character":6}},"severity":1,"source":"sbt","message":"not found: value test"}],"reset":false})[0m
[0m[[0m[31merror[0m] [0m[0mC:\DeV\ScalaProjects\wikipedia\src\test\scala\WikipediaSuite.scala:98:3: not found: value test[0m
[0m[[0m[31merror[0m] [0m[0m  test("'rankLangs' should work for RDD with two elements") {[0m
[0m[[0m[31merror[0m] [0m[0m  ^[0m
[0m[[0m[0mdebug[0m] [0m[0mjsonRpcNotify: JsonRpcNotificationMessage(2.0, build/logMessage, {"type":1,"message":"C:\\DeV\\ScalaProjects\\wikipedia\\src\\test\\scala\\WikipediaSuite.scala:98:3: not found: value test"})[0m
[0m[[0m[0mdebug[0m] [0m[0mjsonRpcNotify: JsonRpcNotificationMessage(2.0, build/logMessage, {"type":1,"message":"  test(\"'rankLangs' should work for RDD with two elements\") {"})[0m
[0m[[0m[0mdebug[0m] [0m[0mjsonRpcNotify: JsonRpcNotificationMessage(2.0, build/logMessage, {"type":1,"message":"  ^"})[0m
[0m[[0m[0mdebug[0m] [0m[0mjsonRpcNotify: JsonRpcNotificationMessage(2.0, build/publishDiagnostics, {"textDocument":{"uri":"file:///C:/DeV/ScalaProjects/wikipedia/src/test/scala/WikipediaSuite.scala"},"buildTarget":{"uri":"file:/C:/DeV/ScalaProjects/wikipedia/#wikipedia/Test"},"diagnostics":[{"range":{"start":{"line":107,"character":2},"end":{"line":107,"character":6}},"severity":1,"source":"sbt","message":"not found: value test"}],"reset":false})[0m
[0m[[0m[31merror[0m] [0m[0mC:\DeV\ScalaProjects\wikipedia\src\test\scala\WikipediaSuite.scala:108:3: not found: value test[0m
[0m[[0m[31merror[0m] [0m[0m  test("'makeIndex' creates a simple index with two entries") {[0m
[0m[[0m[31merror[0m] [0m[0m  ^[0m
[0m[[0m[0mdebug[0m] [0m[0mjsonRpcNotify: JsonRpcNotificationMessage(2.0, build/logMessage, {"type":1,"message":"C:\\DeV\\ScalaProjects\\wikipedia\\src\\test\\scala\\WikipediaSuite.scala:108:3: not found: value test"})[0m
[0m[[0m[0mdebug[0m] [0m[0mjsonRpcNotify: JsonRpcNotificationMessage(2.0, build/logMessage, {"type":1,"message":"  test(\"'makeIndex' creates a simple index with two entries\") {"})[0m
[0m[[0m[0mdebug[0m] [0m[0mjsonRpcNotify: JsonRpcNotificationMessage(2.0, build/logMessage, {"type":1,"message":"  ^"})[0m
[0m[[0m[0mdebug[0m] [0m[0mjsonRpcNotify: JsonRpcNotificationMessage(2.0, build/publishDiagnostics, {"textDocument":{"uri":"file:///C:/DeV/ScalaProjects/wikipedia/src/test/scala/WikipediaSuite.scala"},"buildTarget":{"uri":"file:/C:/DeV/ScalaProjects/wikipedia/#wikipedia/Test"},"diagnostics":[{"range":{"start":{"line":122,"character":2},"end":{"line":122,"character":6}},"severity":1,"source":"sbt","message":"not found: value test"}],"reset":false})[0m
[0m[[0m[31merror[0m] [0m[0mC:\DeV\ScalaProjects\wikipedia\src\test\scala\WikipediaSuite.scala:123:3: not found: value test[0m
[0m[[0m[31merror[0m] [0m[0m  test("'rankLangsUsingIndex' should work for a simple RDD with three elements") {[0m
[0m[[0m[31merror[0m] [0m[0m  ^[0m
[0m[[0m[0mdebug[0m] [0m[0mjsonRpcNotify: JsonRpcNotificationMessage(2.0, build/logMessage, {"type":1,"message":"C:\\DeV\\ScalaProjects\\wikipedia\\src\\test\\scala\\WikipediaSuite.scala:123:3: not found: value test"})[0m
[0m[[0m[0mdebug[0m] [0m[0mjsonRpcNotify: JsonRpcNotificationMessage(2.0, build/logMessage, {"type":1,"message":"  test(\"'rankLangsUsingIndex' should work for a simple RDD with three elements\") {"})[0m
[0m[[0m[0mdebug[0m] [0m[0mjsonRpcNotify: JsonRpcNotificationMessage(2.0, build/logMessage, {"type":1,"message":"  ^"})[0m
[0m[[0m[0mdebug[0m] [0m[0mjsonRpcNotify: JsonRpcNotificationMessage(2.0, build/publishDiagnostics, {"textDocument":{"uri":"file:///C:/DeV/ScalaProjects/wikipedia/src/test/scala/WikipediaSuite.scala"},"buildTarget":{"uri":"file:/C:/DeV/ScalaProjects/wikipedia/#wikipedia/Test"},"diagnostics":[{"range":{"start":{"line":138,"character":2},"end":{"line":138,"character":6}},"severity":1,"source":"sbt","message":"not found: value test"}],"reset":false})[0m
[0m[[0m[31merror[0m] [0m[0mC:\DeV\ScalaProjects\wikipedia\src\test\scala\WikipediaSuite.scala:139:3: not found: value test[0m
[0m[[0m[31merror[0m] [0m[0m  test("'rankLangsReduceByKey' should work for a simple RDD with four elements") {[0m
[0m[[0m[31merror[0m] [0m[0m  ^[0m
[0m[[0m[0mdebug[0m] [0m[0mjsonRpcNotify: JsonRpcNotificationMessage(2.0, build/logMessage, {"type":1,"message":"C:\\DeV\\ScalaProjects\\wikipedia\\src\\test\\scala\\WikipediaSuite.scala:139:3: not found: value test"})[0m
[0m[[0m[0mdebug[0m] [0m[0mjsonRpcNotify: JsonRpcNotificationMessage(2.0, build/logMessage, {"type":1,"message":"  test(\"'rankLangsReduceByKey' should work for a simple RDD with four elements\") {"})[0m
[0m[[0m[0mdebug[0m] [0m[0mjsonRpcNotify: JsonRpcNotificationMessage(2.0, build/logMessage, {"type":1,"message":"  ^"})[0m
[0m[[0m[0mdebug[0m] [0m[0mjsonRpcNotify: JsonRpcNotificationMessage(2.0, build/taskProgress, {"taskId":{"id":"30","parents":[]},"eventTime":1682032589136,"message":"Compiling wikipedia-test (15%)","total":26,"progress":15,"dataKind":"compile-progress","data":{"target":{"uri":"file:/C:/DeV/ScalaProjects/wikipedia/#wikipedia/Test"}}})[0m
[0m[[0m[0mdebug[0m] [0m[0mjsonRpcNotify: JsonRpcNotificationMessage(2.0, build/taskProgress, {"taskId":{"id":"30","parents":[]},"eventTime":1682032589136,"message":"Compiling wikipedia-test (15%)","total":26,"progress":15,"dataKind":"compile-progress","data":{"target":{"uri":"file:/C:/DeV/ScalaProjects/wikipedia/#wikipedia/Test"}}})[0m
[0m[[0m[31merror[0m] [0m[0m6 errors found[0m
[0m[[0m[0mdebug[0m] [0m[0mjsonRpcNotify: JsonRpcNotificationMessage(2.0, build/logMessage, {"type":1,"message":"6 errors found"})[0m
[0m[[0m[0mdebug[0m] [0m[0mjsonRpcNotify: JsonRpcNotificationMessage(2.0, build/publishDiagnostics, {"textDocument":{"uri":"file:///C:/DeV/ScalaProjects/wikipedia/src/test/scala/WikipediaSuite.scala"},"buildTarget":{"uri":"file:/C:/DeV/ScalaProjects/wikipedia/#wikipedia/Test"},"diagnostics":[{"range":{"start":{"line":3,"character":29},"end":{"line":3,"character":30}},"severity":1,"source":"sbt","message":"not found: value munit"},{"range":{"start":{"line":89,"character":2},"end":{"line":89,"character":6}},"severity":1,"source":"sbt","message":"not found: value test"},{"range":{"start":{"line":97,"character":2},"end":{"line":97,"character":6}},"severity":1,"source":"sbt","message":"not found: value test"},{"range":{"start":{"line":107,"character":2},"end":{"line":107,"character":6}},"severity":1,"source":"sbt","message":"not found: value test"},{"range":{"start":{"line":122,"character":2},"end":{"line":122,"character":6}},"severity":1,"source":"sbt","message":"not found: value test"},{"range":{"start":{"line":138,"character":2},"end":{"line":138,"character":6}},"severity":1,"source":"sbt","message":"not found: value test"}],"reset":true})[0m
[0m[[0m[0mdebug[0m] [0m[0mjsonRpcNotify: JsonRpcNotificationMessage(2.0, build/taskFinish, {"taskId":{"id":"30","parents":[]},"eventTime":1682032589140,"message":"Compiled wikipedia-test","status":2,"dataKind":"compile-report","data":{"target":{"uri":"file:/C:/DeV/ScalaProjects/wikipedia/#wikipedia/Test"},"errors":6,"warnings":0,"time":272}})[0m
[0m[[0m[0mdebug[0m] [0m[0munmatched json error for requestId None: {"code":-32603,"message":"(Test / \u001b[31mcompileIncremental\u001b[0m) Compilation failed"}[0m
[0m[[0m[31merror[0m] [0m[0m(Test / [31mcompileIncremental[0m) Compilation failed[0m
[0m[[0m[0mdebug[0m] [0m[0mjsonRpcNotify: JsonRpcNotificationMessage(2.0, build/logMessage, {"type":1,"message":"(Test / \u001b[31mcompileIncremental\u001b[0m) Compilation failed"})[0m
[0m[[0m[31merror[0m] [0m[0mTotal time: 1 s, completed 20-Apr-2023, 7:16:29 PM[0m
[0m[[0m[0mdebug[0m] [0m[0munmatched Done event for requestId None: None[0m
[0m[[0m[0mdebug[0m] [0m[0m> Exec(shell, None, None)[0m
[0m[[0m[0mdebug[0m] [0m[0mUnhandled request received: shutdown: JsonRpcRequestMessage(2.0, ♨9, shutdown, null})[0m
