[0m[[0m[0mdebug[0m] [0m[0m> Exec(;Test/compile; collectAnalyses, None, Some(CommandSource(network-1)))[0m
[0m[[0m[0mdebug[0m] [0m[0munmatched Processing event for requestId None: None[0m
[0m[[0m[0mdebug[0m] [0m[0munmatched Done event for requestId None: None[0m
[0m[[0m[0mdebug[0m] [0m[0m> Exec(Test/compile, None, Some(CommandSource(network-1)))[0m
[0m[[0m[0mdebug[0m] [0m[0munmatched Processing event for requestId None: None[0m
[0m[[0m[0mdebug[0m] [0m[0mEvaluating tasks: Test / compile[0m
[0m[[0m[0mdebug[0m] [0m[0mRunning task... Cancel: Signal, check cycles: false, forcegc: true[0m
[0m[[0m[0mdebug[0m] [0m[0mjsonRpcNotify: JsonRpcNotificationMessage(2.0, build/taskStart, {"taskId":{"id":"9","parents":[]},"eventTime":1679889771122,"message":"Compiling recursion","dataKind":"compile-task","data":{"target":{"uri":"file:/C:/DeV/ScalaProjects/BigDataProject0/recursion/#recursion/Compile"}}})[0m
[0m[[0m[0mdebug[0m] [0m[0mjsonRpcNotify: JsonRpcNotificationMessage(2.0, build/taskFinish, {"taskId":{"id":"9","parents":[]},"eventTime":1679889771142,"message":"Compiled recursion","status":1,"dataKind":"compile-report","data":{"target":{"uri":"file:/C:/DeV/ScalaProjects/BigDataProject0/recursion/#recursion/Compile"},"errors":0,"warnings":0,"time":20}})[0m
[0m[[0m[0mdebug[0m] [0m[0mjsonRpcNotify: JsonRpcNotificationMessage(2.0, build/taskStart, {"taskId":{"id":"10","parents":[]},"eventTime":1679889771150,"message":"Compiling recursion-test","dataKind":"compile-task","data":{"target":{"uri":"file:/C:/DeV/ScalaProjects/BigDataProject0/recursion/#recursion/Test"}}})[0m
[0m[[0m[0minfo[0m] [0m[0mcompiling 1 Scala source to C:\DeV\ScalaProjects\BigDataProject0\recursion\target\scala-2.13\test-classes ...[0m
[0m[[0m[0mdebug[0m] [0m[0mjsonRpcNotify: JsonRpcNotificationMessage(2.0, build/logMessage, {"type":3,"message":"compiling 1 Scala source to C:\\DeV\\ScalaProjects\\BigDataProject0\\recursion\\target\\scala-2.13\\test-classes ..."})[0m
[0m[[0m[0mdebug[0m] [0m[0mjsonRpcNotify: JsonRpcNotificationMessage(2.0, build/taskProgress, {"taskId":{"id":"10","parents":[]},"eventTime":1679889771630,"message":"Compiling recursion-test (15%)","total":26,"progress":15,"dataKind":"compile-progress","data":{"target":{"uri":"file:/C:/DeV/ScalaProjects/BigDataProject0/recursion/#recursion/Test"}}})[0m
[0m[[0m[0mdebug[0m] [0m[0mjsonRpcNotify: JsonRpcNotificationMessage(2.0, build/taskProgress, {"taskId":{"id":"10","parents":[]},"eventTime":1679889771630,"message":"Compiling recursion-test (15%)","total":26,"progress":15,"dataKind":"compile-progress","data":{"target":{"uri":"file:/C:/DeV/ScalaProjects/BigDataProject0/recursion/#recursion/Test"}}})[0m
[0m[[0m[0mdebug[0m] [0m[0mjsonRpcNotify: JsonRpcNotificationMessage(2.0, build/taskProgress, {"taskId":{"id":"10","parents":[]},"eventTime":1679889771678,"message":"Compiling recursion-test (30%)","total":26,"progress":30,"dataKind":"compile-progress","data":{"target":{"uri":"file:/C:/DeV/ScalaProjects/BigDataProject0/recursion/#recursion/Test"}}})[0m
[0m[[0m[0mdebug[0m] [0m[0mjsonRpcNotify: JsonRpcNotificationMessage(2.0, build/taskProgress, {"taskId":{"id":"10","parents":[]},"eventTime":1679889771678,"message":"Compiling recursion-test (30%)","total":26,"progress":30,"dataKind":"compile-progress","data":{"target":{"uri":"file:/C:/DeV/ScalaProjects/BigDataProject0/recursion/#recursion/Test"}}})[0m
[0m[[0m[0mdebug[0m] [0m[0mjsonRpcNotify: JsonRpcNotificationMessage(2.0, build/taskProgress, {"taskId":{"id":"10","parents":[]},"eventTime":1679889771710,"message":"Compiling recursion-test (50%)","total":26,"progress":50,"dataKind":"compile-progress","data":{"target":{"uri":"file:/C:/DeV/ScalaProjects/BigDataProject0/recursion/#recursion/Test"}}})[0m
[0m[[0m[0mdebug[0m] [0m[0mjsonRpcNotify: JsonRpcNotificationMessage(2.0, build/taskProgress, {"taskId":{"id":"10","parents":[]},"eventTime":1679889771714,"message":"Compiling recursion-test (50%)","total":26,"progress":50,"dataKind":"compile-progress","data":{"target":{"uri":"file:/C:/DeV/ScalaProjects/BigDataProject0/recursion/#recursion/Test"}}})[0m
[0m[[0m[0mdebug[0m] [0m[0mjsonRpcNotify: JsonRpcNotificationMessage(2.0, build/taskProgress, {"taskId":{"id":"10","parents":[]},"eventTime":1679889771838,"message":"Compiling recursion-test (65%)","total":26,"progress":65,"dataKind":"compile-progress","data":{"target":{"uri":"file:/C:/DeV/ScalaProjects/BigDataProject0/recursion/#recursion/Test"}}})[0m
[0m[[0m[0mdebug[0m] [0m[0mjsonRpcNotify: JsonRpcNotificationMessage(2.0, build/taskProgress, {"taskId":{"id":"10","parents":[]},"eventTime":1679889771838,"message":"Compiling recursion-test (65%)","total":26,"progress":65,"dataKind":"compile-progress","data":{"target":{"uri":"file:/C:/DeV/ScalaProjects/BigDataProject0/recursion/#recursion/Test"}}})[0m
[0m[[0m[0mdebug[0m] [0m[0mjsonRpcNotify: JsonRpcNotificationMessage(2.0, build/taskProgress, {"taskId":{"id":"10","parents":[]},"eventTime":1679889771846,"message":"Compiling recursion-test (80%)","total":26,"progress":80,"dataKind":"compile-progress","data":{"target":{"uri":"file:/C:/DeV/ScalaProjects/BigDataProject0/recursion/#recursion/Test"}}})[0m
[0m[[0m[0mdebug[0m] [0m[0mjsonRpcNotify: JsonRpcNotificationMessage(2.0, build/taskProgress, {"taskId":{"id":"10","parents":[]},"eventTime":1679889771846,"message":"Compiling recursion-test (80%)","total":26,"progress":80,"dataKind":"compile-progress","data":{"target":{"uri":"file:/C:/DeV/ScalaProjects/BigDataProject0/recursion/#recursion/Test"}}})[0m
[0m[[0m[0mdebug[0m] [0m[0mjsonRpcNotify: JsonRpcNotificationMessage(2.0, build/taskProgress, {"taskId":{"id":"10","parents":[]},"eventTime":1679889771906,"message":"Compiling recursion-test (100%)","total":26,"progress":100,"dataKind":"compile-progress","data":{"target":{"uri":"file:/C:/DeV/ScalaProjects/BigDataProject0/recursion/#recursion/Test"}}})[0m
[0m[[0m[0mdebug[0m] [0m[0mjsonRpcNotify: JsonRpcNotificationMessage(2.0, build/taskProgress, {"taskId":{"id":"10","parents":[]},"eventTime":1679889771906,"message":"Compiling recursion-test (100%)","total":26,"progress":100,"dataKind":"compile-progress","data":{"target":{"uri":"file:/C:/DeV/ScalaProjects/BigDataProject0/recursion/#recursion/Test"}}})[0m
[0m[[0m[0mdebug[0m] [0m[0mjsonRpcNotify: JsonRpcNotificationMessage(2.0, build/taskFinish, {"taskId":{"id":"10","parents":[]},"eventTime":1679889771914,"message":"Compiled recursion-test","status":1,"dataKind":"compile-report","data":{"target":{"uri":"file:/C:/DeV/ScalaProjects/BigDataProject0/recursion/#recursion/Test"},"errors":0,"warnings":0,"time":764}})[0m
[0m[[0m[32msuccess[0m] [0m[0mTotal time: 1 s, completed 27-Mar-2023, 12:02:52 AM[0m
[0m[[0m[0mdebug[0m] [0m[0munmatched Done event for requestId None: None[0m
[0m[[0m[0mdebug[0m] [0m[0m> Exec(collectAnalyses, None, Some(CommandSource(network-1)))[0m
[0m[[0m[0mdebug[0m] [0m[0munmatched Processing event for requestId None: None[0m
[0m[[0m[0mdebug[0m] [0m[0mEvaluating tasks: Compile / collectAnalyses[0m
[0m[[0m[0mdebug[0m] [0m[0mRunning task... Cancel: Signal, check cycles: false, forcegc: true[0m
[0m[[0m[0mdebug[0m] [0m[0manalysis location (C:\DeV\ScalaProjects\BigDataProject0\recursion\target\scala-2.13\zinc\inc_compile_2.13.zip,true)[0m
[0m[[0m[32msuccess[0m] [0m[0mTotal time: 0 s, completed 27-Mar-2023, 12:02:52 AM[0m
[0m[[0m[0mdebug[0m] [0m[0munmatched Done event for requestId None: None[0m
[0m[[0m[0mdebug[0m] [0m[0m> Exec(shell, None, None)[0m
[0m[[0m[0mdebug[0m] [0m[0msymbol countChange[0m
[0m[[0m[0mdebug[0m] [0m[0mlsp-definition potentials: Set()[0m
[0m[[0m[0mdebug[0m] [0m[0mlsp-definition locations Vector()[0m
[0m[[0m[0mdebug[0m] [0m[0msymbol countChange[0m
[0m[[0m[0mdebug[0m] [0m[0mlsp-definition potentials: Set()[0m
[0m[[0m[0mdebug[0m] [0m[0mlsp-definition locations Vector()[0m
[0m[[0m[0mdebug[0m] [0m[0msymbol countChange[0m
[0m[[0m[0mdebug[0m] [0m[0mlsp-definition potentials: Set()[0m
[0m[[0m[0mdebug[0m] [0m[0mlsp-definition locations Vector()[0m
[0m[[0m[0mdebug[0m] [0m[0mForcing garbage collection...[0m
[0m[[0m[0mdebug[0m] [0m[0mUnhandled notification received: textDocument/didClose: JsonRpcNotificationMessage(2.0, textDocument/didClose, {"textDocument":{"uri":"file:///c%3A/DeV/ScalaProjects/BigDataProject0/recursion/src/test/scala/recursion/CountChangeSuite.scala"}})[0m
[0m[[0m[0mdebug[0m] [0m[0mlsp-definition json request: {"textDocument":{"uri":"file:///c%3A/DeV/ScalaProjects/BigDataProject0/recursion/src/main/scala/recursion/Main.scala"},"position":{"line":37,"character":37}}[0m
[0m[[0m[0mdebug[0m] [0m[0mlsp-definition found line:     countChange(money - coins.head, coins) + countChange(money, coins.tail)[0m
[0m[[0m[0mdebug[0m] [0m[0mUnhandled notification received: textDocument/didClose: JsonRpcNotificationMessage(2.0, textDocument/didClose, {"textDocument":{"uri":"file:///c%3A/DeV/ScalaProjects/BigDataProject0/recursion/src/main/scala/recursion/Main.scala"}})[0m
[0m[[0m[0mdebug[0m] [0m[0mUnhandled notification received: $/cancelRequest: JsonRpcNotificationMessage(2.0, $/cancelRequest, {"id":7})[0m
[0m[[0m[0mdebug[0m] [0m[0msymbol coins[0m
[0m[[0m[0mdebug[0m] [0m[0mlsp-definition json request: {"textDocument":{"uri":"file:///c%3A/DeV/ScalaProjects/BigDataProject0/recursion/src/test/scala/recursion/BalanceSuite.scala"},"position":{"line":13,"character":59}}[0m
[0m[[0m[0mdebug[0m] [0m[0mlsp-definition found line:     assert(balance("I told him (that it's not (yet) done).\n(But he wasn't listening)"))[0m
[0m[[0m[0mdebug[0m] [0m[0mlsp-definition potentials: Set()[0m
[0m[[0m[0mdebug[0m] [0m[0mlsp-definition locations Vector()[0m
[0m[[0m[0mdebug[0m] [0m[0mUnhandled notification received: $/cancelRequest: JsonRpcNotificationMessage(2.0, $/cancelRequest, {"id":8})[0m
[0m[[0m[0mdebug[0m] [0m[0mlsp-definition json request: {"textDocument":{"uri":"file:///c%3A/DeV/ScalaProjects/BigDataProject0/recursion/src/test/scala/recursion/BalanceSuite.scala"},"position":{"line":13,"character":61}}[0m
[0m[[0m[0mdebug[0m] [0m[0mlsp-definition found line:     assert(balance("I told him (that it's not (yet) done).\n(But he wasn't listening)"))[0m
[0m[[0m[0mdebug[0m] [0m[0mUnhandled notification received: textDocument/didClose: JsonRpcNotificationMessage(2.0, textDocument/didClose, {"textDocument":{"uri":"file:///c%3A/DeV/ScalaProjects/BigDataProject0/recursion/src/test/scala/recursion/BalanceSuite.scala"}})[0m
[0m[[0m[0mdebug[0m] [0m[0msymbol n[0m
[0m[[0m[0mdebug[0m] [0m[0mlsp-definition potentials: Set()[0m
[0m[[0m[0mdebug[0m] [0m[0mlsp-definition locations Vector()[0m
[0m[[0m[0mdebug[0m] [0m[0msymbol But[0m
[0m[[0m[0mdebug[0m] [0m[0mlsp-definition potentials: Set()[0m
[0m[[0m[0mdebug[0m] [0m[0mlsp-definition locations Vector()[0m
[0m[[0m[0mdebug[0m] [0m[0mUnhandled request received: shutdown: JsonRpcRequestMessage(2.0, ♨10, shutdown, null})[0m
