[0m[[0m[0mdebug[0m] [0m[0m> Exec(;Test/compile; collectAnalyses, None, Some(CommandSource(network-1)))[0m
[0m[[0m[0mdebug[0m] [0m[0munmatched Processing event for requestId None: None[0m
[0m[[0m[0mdebug[0m] [0m[0munmatched Done event for requestId None: None[0m
[0m[[0m[0mdebug[0m] [0m[0m> Exec(Test/compile, None, Some(CommandSource(network-1)))[0m
[0m[[0m[0mdebug[0m] [0m[0munmatched Processing event for requestId None: None[0m
[0m[[0m[0mdebug[0m] [0m[0mEvaluating tasks: Test / compile[0m
[0m[[0m[0mdebug[0m] [0m[0mRunning task... Cancel: Signal, check cycles: false, forcegc: true[0m
[0m[[0m[0mdebug[0m] [0m[0mjsonRpcNotify: JsonRpcNotificationMessage(2.0, build/taskStart, {"taskId":{"id":"19","parents":[]},"eventTime":1680812020706,"message":"Compiling recursion","dataKind":"compile-task","data":{"target":{"uri":"file:/C:/DeV/ScalaProjects/BigDataProject0/recursion/#recursion/Compile"}}})[0m
[0m[[0m[0mdebug[0m] [0m[0mjsonRpcNotify: JsonRpcNotificationMessage(2.0, build/taskFinish, {"taskId":{"id":"19","parents":[]},"eventTime":1680812020716,"message":"Compiled recursion","status":1,"dataKind":"compile-report","data":{"target":{"uri":"file:/C:/DeV/ScalaProjects/BigDataProject0/recursion/#recursion/Compile"},"errors":0,"warnings":0,"time":10}})[0m
[0m[[0m[0mdebug[0m] [0m[0mjsonRpcNotify: JsonRpcNotificationMessage(2.0, build/taskStart, {"taskId":{"id":"20","parents":[]},"eventTime":1680812020723,"message":"Compiling recursion-test","dataKind":"compile-task","data":{"target":{"uri":"file:/C:/DeV/ScalaProjects/BigDataProject0/recursion/#recursion/Test"}}})[0m
[0m[[0m[0mdebug[0m] [0m[0mjsonRpcNotify: JsonRpcNotificationMessage(2.0, build/taskFinish, {"taskId":{"id":"20","parents":[]},"eventTime":1680812020735,"message":"Compiled recursion-test","status":1,"dataKind":"compile-report","data":{"target":{"uri":"file:/C:/DeV/ScalaProjects/BigDataProject0/recursion/#recursion/Test"},"errors":0,"warnings":0,"time":12}})[0m
[0m[[0m[32msuccess[0m] [0m[0mTotal time: 0 s, completed 06-Apr-2023, 4:13:40 PM[0m
[0m[[0m[0mdebug[0m] [0m[0munmatched Done event for requestId None: None[0m
[0m[[0m[0mdebug[0m] [0m[0m> Exec(collectAnalyses, None, Some(CommandSource(network-1)))[0m
[0m[[0m[0mdebug[0m] [0m[0munmatched Processing event for requestId None: None[0m
[0m[[0m[0mdebug[0m] [0m[0mEvaluating tasks: Compile / collectAnalyses[0m
[0m[[0m[0mdebug[0m] [0m[0mRunning task... Cancel: Signal, check cycles: false, forcegc: true[0m
[0m[[0m[0mdebug[0m] [0m[0manalysis location (C:\DeV\ScalaProjects\BigDataProject0\recursion\target\scala-2.13\zinc\inc_compile_2.13.zip,true)[0m
[0m[[0m[32msuccess[0m] [0m[0mTotal time: 0 s, completed 06-Apr-2023, 4:13:40 PM[0m
[0m[[0m[0mdebug[0m] [0m[0munmatched Done event for requestId None: None[0m
[0m[[0m[0mdebug[0m] [0m[0m> Exec(shell, None, None)[0m
