[0m[[0m[0mdebug[0m] [0m[0m> Exec(;Test/compile; collectAnalyses, None, Some(CommandSource(network-1)))[0m
[0m[[0m[0mdebug[0m] [0m[0munmatched Processing event for requestId None: None[0m
[0m[[0m[0mdebug[0m] [0m[0munmatched Done event for requestId None: None[0m
[0m[[0m[0mdebug[0m] [0m[0m> Exec(Test/compile, None, Some(CommandSource(network-1)))[0m
[0m[[0m[0mdebug[0m] [0m[0munmatched Processing event for requestId None: None[0m
[0m[[0m[0mdebug[0m] [0m[0mEvaluating tasks: Test / compile[0m
[0m[[0m[0mdebug[0m] [0m[0mRunning task... Cancel: Signal, check cycles: false, forcegc: true[0m
[0m[[0m[0mdebug[0m] [0m[0mjsonRpcNotify: JsonRpcNotificationMessage(2.0, build/taskStart, {"taskId":{"id":"3","parents":[]},"eventTime":1678509737242,"message":"Compiling funsets","dataKind":"compile-task","data":{"target":{"uri":"file:/C:/DeV/funsets/#funsets/Compile"}}})[0m
[0m[[0m[0minfo[0m] [0m[0mcompiling 3 Scala sources to C:\DeV\funsets\target\scala-2.13\classes ...[0m
[0m[[0m[0mdebug[0m] [0m[0mjsonRpcNotify: JsonRpcNotificationMessage(2.0, build/logMessage, {"type":3,"message":"compiling 3 Scala sources to C:\\DeV\\funsets\\target\\scala-2.13\\classes ..."})[0m
[0m[[0m[0mdebug[0m] [0m[0mjsonRpcNotify: JsonRpcNotificationMessage(2.0, build/taskProgress, {"taskId":{"id":"3","parents":[]},"eventTime":1678509741099,"message":"Compiling funsets (5%)","total":78,"progress":5,"dataKind":"compile-progress","data":{"target":{"uri":"file:/C:/DeV/funsets/#funsets/Compile"}}})[0m
[0m[[0m[0mdebug[0m] [0m[0mjsonRpcNotify: JsonRpcNotificationMessage(2.0, build/taskProgress, {"taskId":{"id":"3","parents":[]},"eventTime":1678509741146,"message":"Compiling funsets (10%)","total":78,"progress":10,"dataKind":"compile-progress","data":{"target":{"uri":"file:/C:/DeV/funsets/#funsets/Compile"}}})[0m
[0m[[0m[0mdebug[0m] [0m[0mjsonRpcNotify: JsonRpcNotificationMessage(2.0, build/taskProgress, {"taskId":{"id":"3","parents":[]},"eventTime":1678509742059,"message":"Compiling funsets (15%)","total":78,"progress":15,"dataKind":"compile-progress","data":{"target":{"uri":"file:/C:/DeV/funsets/#funsets/Compile"}}})[0m
[0m[[0m[0mdebug[0m] [0m[0mjsonRpcNotify: JsonRpcNotificationMessage(2.0, build/taskProgress, {"taskId":{"id":"3","parents":[]},"eventTime":1678509742064,"message":"Compiling funsets (15%)","total":78,"progress":15,"dataKind":"compile-progress","data":{"target":{"uri":"file:/C:/DeV/funsets/#funsets/Compile"}}})[0m
[0m[[0m[0mdebug[0m] [0m[0mjsonRpcNotify: JsonRpcNotificationMessage(2.0, build/taskProgress, {"taskId":{"id":"3","parents":[]},"eventTime":1678509742087,"message":"Compiling funsets (20%)","total":78,"progress":20,"dataKind":"compile-progress","data":{"target":{"uri":"file:/C:/DeV/funsets/#funsets/Compile"}}})[0m
[0m[[0m[0mdebug[0m] [0m[0mjsonRpcNotify: JsonRpcNotificationMessage(2.0, build/taskProgress, {"taskId":{"id":"3","parents":[]},"eventTime":1678509742102,"message":"Compiling funsets (25%)","total":78,"progress":25,"dataKind":"compile-progress","data":{"target":{"uri":"file:/C:/DeV/funsets/#funsets/Compile"}}})[0m
[0m[[0m[0mdebug[0m] [0m[0mjsonRpcNotify: JsonRpcNotificationMessage(2.0, build/taskProgress, {"taskId":{"id":"3","parents":[]},"eventTime":1678509742259,"message":"Compiling funsets (30%)","total":78,"progress":30,"dataKind":"compile-progress","data":{"target":{"uri":"file:/C:/DeV/funsets/#funsets/Compile"}}})[0m
[0m[[0m[0mdebug[0m] [0m[0mjsonRpcNotify: JsonRpcNotificationMessage(2.0, build/taskProgress, {"taskId":{"id":"3","parents":[]},"eventTime":1678509742268,"message":"Compiling funsets (30%)","total":78,"progress":30,"dataKind":"compile-progress","data":{"target":{"uri":"file:/C:/DeV/funsets/#funsets/Compile"}}})[0m
[0m[[0m[0mdebug[0m] [0m[0mjsonRpcNotify: JsonRpcNotificationMessage(2.0, build/taskProgress, {"taskId":{"id":"3","parents":[]},"eventTime":1678509742451,"message":"Compiling funsets (35%)","total":78,"progress":35,"dataKind":"compile-progress","data":{"target":{"uri":"file:/C:/DeV/funsets/#funsets/Compile"}}})[0m
[0m[[0m[0mdebug[0m] [0m[0mjsonRpcNotify: JsonRpcNotificationMessage(2.0, build/taskProgress, {"taskId":{"id":"3","parents":[]},"eventTime":1678509742667,"message":"Compiling funsets (50%)","total":78,"progress":50,"dataKind":"compile-progress","data":{"target":{"uri":"file:/C:/DeV/funsets/#funsets/Compile"}}})[0m
[0m[[0m[0mdebug[0m] [0m[0mjsonRpcNotify: JsonRpcNotificationMessage(2.0, build/taskProgress, {"taskId":{"id":"3","parents":[]},"eventTime":1678509742668,"message":"Compiling funsets (50%)","total":78,"progress":50,"dataKind":"compile-progress","data":{"target":{"uri":"file:/C:/DeV/funsets/#funsets/Compile"}}})[0m
[0m[[0m[0mdebug[0m] [0m[0mjsonRpcNotify: JsonRpcNotificationMessage(2.0, build/taskProgress, {"taskId":{"id":"3","parents":[]},"eventTime":1678509742723,"message":"Compiling funsets (55%)","total":78,"progress":55,"dataKind":"compile-progress","data":{"target":{"uri":"file:/C:/DeV/funsets/#funsets/Compile"}}})[0m
[0m[[0m[0mdebug[0m] [0m[0mjsonRpcNotify: JsonRpcNotificationMessage(2.0, build/taskProgress, {"taskId":{"id":"3","parents":[]},"eventTime":1678509743060,"message":"Compiling funsets (60%)","total":78,"progress":60,"dataKind":"compile-progress","data":{"target":{"uri":"file:/C:/DeV/funsets/#funsets/Compile"}}})[0m
[0m[[0m[0mdebug[0m] [0m[0mjsonRpcNotify: JsonRpcNotificationMessage(2.0, build/taskProgress, {"taskId":{"id":"3","parents":[]},"eventTime":1678509743474,"message":"Compiling funsets (65%)","total":78,"progress":65,"dataKind":"compile-progress","data":{"target":{"uri":"file:/C:/DeV/funsets/#funsets/Compile"}}})[0m
[0m[[0m[0mdebug[0m] [0m[0mjsonRpcNotify: JsonRpcNotificationMessage(2.0, build/taskProgress, {"taskId":{"id":"3","parents":[]},"eventTime":1678509743475,"message":"Compiling funsets (65%)","total":78,"progress":65,"dataKind":"compile-progress","data":{"target":{"uri":"file:/C:/DeV/funsets/#funsets/Compile"}}})[0m
[0m[[0m[0mdebug[0m] [0m[0mjsonRpcNotify: JsonRpcNotificationMessage(2.0, build/taskProgress, {"taskId":{"id":"3","parents":[]},"eventTime":1678509743531,"message":"Compiling funsets (70%)","total":78,"progress":70,"dataKind":"compile-progress","data":{"target":{"uri":"file:/C:/DeV/funsets/#funsets/Compile"}}})[0m
[0m[[0m[0mdebug[0m] [0m[0mjsonRpcNotify: JsonRpcNotificationMessage(2.0, build/taskProgress, {"taskId":{"id":"3","parents":[]},"eventTime":1678509743633,"message":"Compiling funsets (75%)","total":78,"progress":75,"dataKind":"compile-progress","data":{"target":{"uri":"file:/C:/DeV/funsets/#funsets/Compile"}}})[0m
[0m[[0m[0mdebug[0m] [0m[0mjsonRpcNotify: JsonRpcNotificationMessage(2.0, build/taskProgress, {"taskId":{"id":"3","parents":[]},"eventTime":1678509743696,"message":"Compiling funsets (80%)","total":78,"progress":80,"dataKind":"compile-progress","data":{"target":{"uri":"file:/C:/DeV/funsets/#funsets/Compile"}}})[0m
[0m[[0m[0mdebug[0m] [0m[0mjsonRpcNotify: JsonRpcNotificationMessage(2.0, build/taskProgress, {"taskId":{"id":"3","parents":[]},"eventTime":1678509743699,"message":"Compiling funsets (80%)","total":78,"progress":80,"dataKind":"compile-progress","data":{"target":{"uri":"file:/C:/DeV/funsets/#funsets/Compile"}}})[0m
[0m[[0m[0mdebug[0m] [0m[0mjsonRpcNotify: JsonRpcNotificationMessage(2.0, build/taskProgress, {"taskId":{"id":"3","parents":[]},"eventTime":1678509743805,"message":"Compiling funsets (85%)","total":78,"progress":85,"dataKind":"compile-progress","data":{"target":{"uri":"file:/C:/DeV/funsets/#funsets/Compile"}}})[0m
[0m[[0m[0mdebug[0m] [0m[0mjsonRpcNotify: JsonRpcNotificationMessage(2.0, build/taskProgress, {"taskId":{"id":"3","parents":[]},"eventTime":1678509744468,"message":"Compiling funsets (100%)","total":78,"progress":100,"dataKind":"compile-progress","data":{"target":{"uri":"file:/C:/DeV/funsets/#funsets/Compile"}}})[0m
[0m[[0m[0mdebug[0m] [0m[0mjsonRpcNotify: JsonRpcNotificationMessage(2.0, build/taskProgress, {"taskId":{"id":"3","parents":[]},"eventTime":1678509744469,"message":"Compiling funsets (100%)","total":78,"progress":100,"dataKind":"compile-progress","data":{"target":{"uri":"file:/C:/DeV/funsets/#funsets/Compile"}}})[0m
[0m[[0m[33mwarn[0m] [0m[0m1 deprecation (since 2.13.0); re-run with -deprecation for details[0m
[0m[[0m[0mdebug[0m] [0m[0mjsonRpcNotify: JsonRpcNotificationMessage(2.0, build/logMessage, {"type":2,"message":"1 deprecation (since 2.13.0); re-run with -deprecation for details"})[0m
[0m[[0m[33mwarn[0m] [0m[0mone warning found[0m
[0m[[0m[0mdebug[0m] [0m[0mjsonRpcNotify: JsonRpcNotificationMessage(2.0, build/logMessage, {"type":2,"message":"one warning found"})[0m
[0m[[0m[0mdebug[0m] [0m[0mjsonRpcNotify: JsonRpcNotificationMessage(2.0, build/publishDiagnostics, {"textDocument":{"uri":"file:///C:/DeV/funsets/src/main/scala/funsets/Main.scala"},"buildTarget":{"uri":"file:/C:/DeV/funsets/#funsets/Compile"},"diagnostics":[],"reset":true})[0m
[0m[[0m[0mdebug[0m] [0m[0mjsonRpcNotify: JsonRpcNotificationMessage(2.0, build/publishDiagnostics, {"textDocument":{"uri":"file:///C:/DeV/funsets/src/main/scala/common/package.scala"},"buildTarget":{"uri":"file:/C:/DeV/funsets/#funsets/Compile"},"diagnostics":[],"reset":true})[0m
[0m[[0m[0mdebug[0m] [0m[0mjsonRpcNotify: JsonRpcNotificationMessage(2.0, build/publishDiagnostics, {"textDocument":{"uri":"file:///C:/DeV/funsets/src/main/scala/funsets/FunSets.scala"},"buildTarget":{"uri":"file:/C:/DeV/funsets/#funsets/Compile"},"diagnostics":[],"reset":true})[0m
[0m[[0m[0mdebug[0m] [0m[0mjsonRpcNotify: JsonRpcNotificationMessage(2.0, build/taskFinish, {"taskId":{"id":"3","parents":[]},"eventTime":1678509744575,"message":"Compiled funsets","status":1,"dataKind":"compile-report","data":{"target":{"uri":"file:/C:/DeV/funsets/#funsets/Compile"},"errors":0,"warnings":0,"time":7333}})[0m
[0m[[0m[0mdebug[0m] [0m[0mjsonRpcNotify: JsonRpcNotificationMessage(2.0, build/taskStart, {"taskId":{"id":"4","parents":[]},"eventTime":1678509745130,"message":"Compiling funsets-test","dataKind":"compile-task","data":{"target":{"uri":"file:/C:/DeV/funsets/#funsets/Test"}}})[0m
[0m[[0m[0minfo[0m] [0m[0mcompiling 1 Scala source to C:\DeV\funsets\target\scala-2.13\test-classes ...[0m
[0m[[0m[0mdebug[0m] [0m[0mjsonRpcNotify: JsonRpcNotificationMessage(2.0, build/logMessage, {"type":3,"message":"compiling 1 Scala source to C:\\DeV\\funsets\\target\\scala-2.13\\test-classes ..."})[0m
[0m[[0m[0mdebug[0m] [0m[0mjsonRpcNotify: JsonRpcNotificationMessage(2.0, build/taskProgress, {"taskId":{"id":"4","parents":[]},"eventTime":1678509747268,"message":"Compiling funsets-test (15%)","total":26,"progress":15,"dataKind":"compile-progress","data":{"target":{"uri":"file:/C:/DeV/funsets/#funsets/Test"}}})[0m
[0m[[0m[0mdebug[0m] [0m[0mjsonRpcNotify: JsonRpcNotificationMessage(2.0, build/taskProgress, {"taskId":{"id":"4","parents":[]},"eventTime":1678509747269,"message":"Compiling funsets-test (15%)","total":26,"progress":15,"dataKind":"compile-progress","data":{"target":{"uri":"file:/C:/DeV/funsets/#funsets/Test"}}})[0m
[0m[[0m[0mdebug[0m] [0m[0mjsonRpcNotify: JsonRpcNotificationMessage(2.0, build/taskProgress, {"taskId":{"id":"4","parents":[]},"eventTime":1678509747391,"message":"Compiling funsets-test (30%)","total":26,"progress":30,"dataKind":"compile-progress","data":{"target":{"uri":"file:/C:/DeV/funsets/#funsets/Test"}}})[0m
[0m[[0m[0mdebug[0m] [0m[0mjsonRpcNotify: JsonRpcNotificationMessage(2.0, build/taskProgress, {"taskId":{"id":"4","parents":[]},"eventTime":1678509747392,"message":"Compiling funsets-test (30%)","total":26,"progress":30,"dataKind":"compile-progress","data":{"target":{"uri":"file:/C:/DeV/funsets/#funsets/Test"}}})[0m
[0m[[0m[0mdebug[0m] [0m[0mjsonRpcNotify: JsonRpcNotificationMessage(2.0, build/taskProgress, {"taskId":{"id":"4","parents":[]},"eventTime":1678509747505,"message":"Compiling funsets-test (50%)","total":26,"progress":50,"dataKind":"compile-progress","data":{"target":{"uri":"file:/C:/DeV/funsets/#funsets/Test"}}})[0m
[0m[[0m[0mdebug[0m] [0m[0mjsonRpcNotify: JsonRpcNotificationMessage(2.0, build/taskProgress, {"taskId":{"id":"4","parents":[]},"eventTime":1678509747511,"message":"Compiling funsets-test (50%)","total":26,"progress":50,"dataKind":"compile-progress","data":{"target":{"uri":"file:/C:/DeV/funsets/#funsets/Test"}}})[0m
[0m[[0m[0mdebug[0m] [0m[0mjsonRpcNotify: JsonRpcNotificationMessage(2.0, build/taskProgress, {"taskId":{"id":"4","parents":[]},"eventTime":1678509747899,"message":"Compiling funsets-test (65%)","total":26,"progress":65,"dataKind":"compile-progress","data":{"target":{"uri":"file:/C:/DeV/funsets/#funsets/Test"}}})[0m
[0m[[0m[0mdebug[0m] [0m[0mjsonRpcNotify: JsonRpcNotificationMessage(2.0, build/taskProgress, {"taskId":{"id":"4","parents":[]},"eventTime":1678509747900,"message":"Compiling funsets-test (65%)","total":26,"progress":65,"dataKind":"compile-progress","data":{"target":{"uri":"file:/C:/DeV/funsets/#funsets/Test"}}})[0m
[0m[[0m[0mdebug[0m] [0m[0mjsonRpcNotify: JsonRpcNotificationMessage(2.0, build/taskProgress, {"taskId":{"id":"4","parents":[]},"eventTime":1678509747964,"message":"Compiling funsets-test (80%)","total":26,"progress":80,"dataKind":"compile-progress","data":{"target":{"uri":"file:/C:/DeV/funsets/#funsets/Test"}}})[0m
[0m[[0m[0mdebug[0m] [0m[0mjsonRpcNotify: JsonRpcNotificationMessage(2.0, build/taskProgress, {"taskId":{"id":"4","parents":[]},"eventTime":1678509747964,"message":"Compiling funsets-test (80%)","total":26,"progress":80,"dataKind":"compile-progress","data":{"target":{"uri":"file:/C:/DeV/funsets/#funsets/Test"}}})[0m
[0m[[0m[0mdebug[0m] [0m[0mjsonRpcNotify: JsonRpcNotificationMessage(2.0, build/taskProgress, {"taskId":{"id":"4","parents":[]},"eventTime":1678509748146,"message":"Compiling funsets-test (100%)","total":26,"progress":100,"dataKind":"compile-progress","data":{"target":{"uri":"file:/C:/DeV/funsets/#funsets/Test"}}})[0m
[0m[[0m[0mdebug[0m] [0m[0mjsonRpcNotify: JsonRpcNotificationMessage(2.0, build/taskProgress, {"taskId":{"id":"4","parents":[]},"eventTime":1678509748149,"message":"Compiling funsets-test (100%)","total":26,"progress":100,"dataKind":"compile-progress","data":{"target":{"uri":"file:/C:/DeV/funsets/#funsets/Test"}}})[0m
[0m[[0m[0mdebug[0m] [0m[0mjsonRpcNotify: JsonRpcNotificationMessage(2.0, build/publishDiagnostics, {"textDocument":{"uri":"file:///C:/DeV/funsets/src/test/scala/funsets/FunSetsSuite.scala"},"buildTarget":{"uri":"file:/C:/DeV/funsets/#funsets/Test"},"diagnostics":[],"reset":true})[0m
[0m[[0m[0mdebug[0m] [0m[0mjsonRpcNotify: JsonRpcNotificationMessage(2.0, build/taskFinish, {"taskId":{"id":"4","parents":[]},"eventTime":1678509748191,"message":"Compiled funsets-test","status":1,"dataKind":"compile-report","data":{"target":{"uri":"file:/C:/DeV/funsets/#funsets/Test"},"errors":0,"warnings":0,"time":3061}})[0m
[0m[[0m[32msuccess[0m] [0m[0mTotal time: 12 s, completed 10-Mar-2023, 11:42:28 PM[0m
[0m[[0m[0mdebug[0m] [0m[0munmatched Done event for requestId None: None[0m
[0m[[0m[0mdebug[0m] [0m[0m> Exec(collectAnalyses, None, Some(CommandSource(network-1)))[0m
[0m[[0m[0mdebug[0m] [0m[0munmatched Processing event for requestId None: None[0m
[0m[[0m[0mdebug[0m] [0m[0mEvaluating tasks: Compile / collectAnalyses[0m
[0m[[0m[0mdebug[0m] [0m[0mRunning task... Cancel: Signal, check cycles: false, forcegc: true[0m
[0m[[0m[0mdebug[0m] [0m[0manalysis location (C:\DeV\funsets\target\scala-2.13\zinc\inc_compile_2.13.zip,true)[0m
[0m[[0m[32msuccess[0m] [0m[0mTotal time: 0 s, completed 10-Mar-2023, 11:42:29 PM[0m
[0m[[0m[0mdebug[0m] [0m[0munmatched Done event for requestId None: None[0m
[0m[[0m[0mdebug[0m] [0m[0m> Exec(shell, None, None)[0m
